   1              	 .syntax unified
   2              	 .cpu cortex-m4
   3              	 .eabi_attribute 27,3
   4              	 .fpu fpv4-sp-d16
   5              	 .eabi_attribute 20,1
   6              	 .eabi_attribute 21,1
   7              	 .eabi_attribute 23,3
   8              	 .eabi_attribute 24,1
   9              	 .eabi_attribute 25,1
  10              	 .eabi_attribute 26,1
  11              	 .eabi_attribute 30,6
  12              	 .eabi_attribute 34,1
  13              	 .eabi_attribute 18,4
  14              	 .thumb
  15              	 .file "expression.c"
  16              	 .text
  17              	.Ltext0:
  18              	 .cfi_sections .debug_frame
  19              	 .section .text.numericRange,"ax",%progbits
  20              	 .align 2
  21              	 .thumb
  22              	 .thumb_func
  24              	numericRange:
  25              	.LFB0:
  26              	 .file 1 "../Libraries/libscpi/src/expression.c"
   1:../Libraries/libscpi/src/expression.c **** /*-
   2:../Libraries/libscpi/src/expression.c ****  * BSD 2-Clause License
   3:../Libraries/libscpi/src/expression.c ****  *
   4:../Libraries/libscpi/src/expression.c ****  * Copyright (c) 2012-2018, Jan Breuer
   5:../Libraries/libscpi/src/expression.c ****  * All rights reserved.
   6:../Libraries/libscpi/src/expression.c ****  *
   7:../Libraries/libscpi/src/expression.c ****  * Redistribution and use in source and binary forms, with or without
   8:../Libraries/libscpi/src/expression.c ****  * modification, are permitted provided that the following conditions are met:
   9:../Libraries/libscpi/src/expression.c ****  *
  10:../Libraries/libscpi/src/expression.c ****  * * Redistributions of source code must retain the above copyright notice, this
  11:../Libraries/libscpi/src/expression.c ****  *   list of conditions and the following disclaimer.
  12:../Libraries/libscpi/src/expression.c ****  *
  13:../Libraries/libscpi/src/expression.c ****  * * Redistributions in binary form must reproduce the above copyright notice,
  14:../Libraries/libscpi/src/expression.c ****  *   this list of conditions and the following disclaimer in the documentation
  15:../Libraries/libscpi/src/expression.c ****  *   and/or other materials provided with the distribution.
  16:../Libraries/libscpi/src/expression.c ****  *
  17:../Libraries/libscpi/src/expression.c ****  * THIS SOFTWARE IS PROVIDED BY THE COPYRIGHT HOLDERS AND CONTRIBUTORS "AS IS"
  18:../Libraries/libscpi/src/expression.c ****  * AND ANY EXPRESS OR IMPLIED WARRANTIES, INCLUDING, BUT NOT LIMITED TO, THE
  19:../Libraries/libscpi/src/expression.c ****  * IMPLIED WARRANTIES OF MERCHANTABILITY AND FITNESS FOR A PARTICULAR PURPOSE ARE
  20:../Libraries/libscpi/src/expression.c ****  * DISCLAIMED. IN NO EVENT SHALL THE COPYRIGHT HOLDER OR CONTRIBUTORS BE LIABLE
  21:../Libraries/libscpi/src/expression.c ****  * FOR ANY DIRECT, INDIRECT, INCIDENTAL, SPECIAL, EXEMPLARY, OR CONSEQUENTIAL
  22:../Libraries/libscpi/src/expression.c ****  * DAMAGES (INCLUDING, BUT NOT LIMITED TO, PROCUREMENT OF SUBSTITUTE GOODS OR
  23:../Libraries/libscpi/src/expression.c ****  * SERVICES; LOSS OF USE, DATA, OR PROFITS; OR BUSINESS INTERRUPTION) HOWEVER
  24:../Libraries/libscpi/src/expression.c ****  * CAUSED AND ON ANY THEORY OF LIABILITY, WHETHER IN CONTRACT, STRICT LIABILITY,
  25:../Libraries/libscpi/src/expression.c ****  * OR TORT (INCLUDING NEGLIGENCE OR OTHERWISE) ARISING IN ANY WAY OUT OF THE USE
  26:../Libraries/libscpi/src/expression.c ****  * OF THIS SOFTWARE, EVEN IF ADVISED OF THE POSSIBILITY OF SUCH DAMAGE.
  27:../Libraries/libscpi/src/expression.c ****  */
  28:../Libraries/libscpi/src/expression.c **** 
  29:../Libraries/libscpi/src/expression.c **** /**
  30:../Libraries/libscpi/src/expression.c ****  * @file   expression.c
  31:../Libraries/libscpi/src/expression.c ****  *
  32:../Libraries/libscpi/src/expression.c ****  * @brief  Expressions handling
  33:../Libraries/libscpi/src/expression.c ****  *
  34:../Libraries/libscpi/src/expression.c ****  *
  35:../Libraries/libscpi/src/expression.c ****  */
  36:../Libraries/libscpi/src/expression.c **** 
  37:../Libraries/libscpi/src/expression.c **** #include "scpi/expression.h"
  38:../Libraries/libscpi/src/expression.c **** #include "scpi/error.h"
  39:../Libraries/libscpi/src/expression.c **** #include "scpi/parser.h"
  40:../Libraries/libscpi/src/expression.c **** 
  41:../Libraries/libscpi/src/expression.c **** #include "lexer_private.h"
  42:../Libraries/libscpi/src/expression.c **** 
  43:../Libraries/libscpi/src/expression.c **** /**
  44:../Libraries/libscpi/src/expression.c ****  * Parse one range or single value
  45:../Libraries/libscpi/src/expression.c ****  * @param state lexer state
  46:../Libraries/libscpi/src/expression.c ****  * @param isRange return true if parsed expression is range
  47:../Libraries/libscpi/src/expression.c ****  * @param valueFrom return parsed value from
  48:../Libraries/libscpi/src/expression.c ****  * @param valueTo return parsed value to
  49:../Libraries/libscpi/src/expression.c ****  * @return SCPI_EXPR_OK - parsing was succesful
  50:../Libraries/libscpi/src/expression.c ****  *         SCPI_EXPR_ERROR - parser error
  51:../Libraries/libscpi/src/expression.c ****  *         SCPI_EXPR_NO_MORE - no more data
  52:../Libraries/libscpi/src/expression.c ****  */
  53:../Libraries/libscpi/src/expression.c **** static scpi_expr_result_t numericRange(lex_state_t * state, scpi_bool_t * isRange, scpi_token_t * v
  27              	 .loc 1 53 0
  28              	 .cfi_startproc
  29              	 
  30              	 
  31 0000 80B5     	 push {r7,lr}
  32              	.LCFI0:
  33              	 .cfi_def_cfa_offset 8
  34              	 .cfi_offset 7,-8
  35              	 .cfi_offset 14,-4
  36 0002 84B0     	 sub sp,sp,#16
  37              	.LCFI1:
  38              	 .cfi_def_cfa_offset 24
  39 0004 00AF     	 add r7,sp,#0
  40              	.LCFI2:
  41              	 .cfi_def_cfa_register 7
  42 0006 F860     	 str r0,[r7,#12]
  43 0008 B960     	 str r1,[r7,#8]
  44 000a 7A60     	 str r2,[r7,#4]
  45 000c 3B60     	 str r3,[r7]
  54:../Libraries/libscpi/src/expression.c ****     if (scpiLex_DecimalNumericProgramData(state, valueFrom)) {
  46              	 .loc 1 54 0
  47 000e F868     	 ldr r0,[r7,#12]
  48 0010 7968     	 ldr r1,[r7,#4]
  49 0012 FFF7FEFF 	 bl scpiLex_DecimalNumericProgramData
  50 0016 0346     	 mov r3,r0
  51 0018 002B     	 cmp r3,#0
  52 001a 19D0     	 beq .L2
  55:../Libraries/libscpi/src/expression.c ****         if (scpiLex_Colon(state, valueTo)) {
  53              	 .loc 1 55 0
  54 001c F868     	 ldr r0,[r7,#12]
  55 001e 3968     	 ldr r1,[r7]
  56 0020 FFF7FEFF 	 bl scpiLex_Colon
  57 0024 0346     	 mov r3,r0
  58 0026 002B     	 cmp r3,#0
  59 0028 0DD0     	 beq .L3
  56:../Libraries/libscpi/src/expression.c ****             *isRange = TRUE;
  60              	 .loc 1 56 0
  61 002a BB68     	 ldr r3,[r7,#8]
  62 002c 0122     	 movs r2,#1
  63 002e 1A70     	 strb r2,[r3]
  57:../Libraries/libscpi/src/expression.c ****             if (scpiLex_DecimalNumericProgramData(state, valueTo)) {
  64              	 .loc 1 57 0
  65 0030 F868     	 ldr r0,[r7,#12]
  66 0032 3968     	 ldr r1,[r7]
  67 0034 FFF7FEFF 	 bl scpiLex_DecimalNumericProgramData
  68 0038 0346     	 mov r3,r0
  69 003a 002B     	 cmp r3,#0
  70 003c 01D0     	 beq .L4
  58:../Libraries/libscpi/src/expression.c ****                 return SCPI_EXPR_OK;
  71              	 .loc 1 58 0
  72 003e 0023     	 movs r3,#0
  73 0040 07E0     	 b .L5
  74              	.L4:
  59:../Libraries/libscpi/src/expression.c ****             } else {
  60:../Libraries/libscpi/src/expression.c ****                 return SCPI_EXPR_ERROR;
  75              	 .loc 1 60 0
  76 0042 0123     	 movs r3,#1
  77 0044 05E0     	 b .L5
  78              	.L3:
  61:../Libraries/libscpi/src/expression.c ****             }
  62:../Libraries/libscpi/src/expression.c ****         } else {
  63:../Libraries/libscpi/src/expression.c ****             *isRange = FALSE;
  79              	 .loc 1 63 0
  80 0046 BB68     	 ldr r3,[r7,#8]
  81 0048 0022     	 movs r2,#0
  82 004a 1A70     	 strb r2,[r3]
  64:../Libraries/libscpi/src/expression.c ****             return SCPI_EXPR_OK;
  83              	 .loc 1 64 0
  84 004c 0023     	 movs r3,#0
  85 004e 00E0     	 b .L5
  86              	.L2:
  65:../Libraries/libscpi/src/expression.c ****         }
  66:../Libraries/libscpi/src/expression.c ****     }
  67:../Libraries/libscpi/src/expression.c **** 
  68:../Libraries/libscpi/src/expression.c ****     return SCPI_EXPR_NO_MORE;
  87              	 .loc 1 68 0
  88 0050 0223     	 movs r3,#2
  89              	.L5:
  69:../Libraries/libscpi/src/expression.c **** }
  90              	 .loc 1 69 0
  91 0052 1846     	 mov r0,r3
  92 0054 1037     	 adds r7,r7,#16
  93              	.LCFI3:
  94              	 .cfi_def_cfa_offset 8
  95 0056 BD46     	 mov sp,r7
  96              	.LCFI4:
  97              	 .cfi_def_cfa_register 13
  98              	 
  99 0058 80BD     	 pop {r7,pc}
 100              	 .cfi_endproc
 101              	.LFE0:
 103 005a 00BF     	 .section .text.SCPI_ExprNumericListEntry,"ax",%progbits
 104              	 .align 2
 105              	 .global SCPI_ExprNumericListEntry
 106              	 .thumb
 107              	 .thumb_func
 109              	SCPI_ExprNumericListEntry:
 110              	.LFB1:
  70:../Libraries/libscpi/src/expression.c **** 
  71:../Libraries/libscpi/src/expression.c **** /**
  72:../Libraries/libscpi/src/expression.c ****  * Parse entry on specified position
  73:../Libraries/libscpi/src/expression.c ****  * @param context scpi context
  74:../Libraries/libscpi/src/expression.c ****  * @param param input parameter
  75:../Libraries/libscpi/src/expression.c ****  * @param index index of position (start from 0)
  76:../Libraries/libscpi/src/expression.c ****  * @param isRange return true if expression at index was range
  77:../Libraries/libscpi/src/expression.c ****  * @param valueFrom return value from
  78:../Libraries/libscpi/src/expression.c ****  * @param valueTo return value to
  79:../Libraries/libscpi/src/expression.c ****  * @return SCPI_EXPR_OK - parsing was succesful
  80:../Libraries/libscpi/src/expression.c ****  *         SCPI_EXPR_ERROR - parser error
  81:../Libraries/libscpi/src/expression.c ****  *         SCPI_EXPR_NO_MORE - no more data
  82:../Libraries/libscpi/src/expression.c ****  * @see SCPI_ExprNumericListEntryInt, SCPI_ExprNumericListEntryDouble
  83:../Libraries/libscpi/src/expression.c ****  */
  84:../Libraries/libscpi/src/expression.c **** scpi_expr_result_t SCPI_ExprNumericListEntry(scpi_t * context, scpi_parameter_t * param, int index,
 111              	 .loc 1 84 0
 112              	 .cfi_startproc
 113              	 
 114              	 
 115 0000 80B5     	 push {r7,lr}
 116              	.LCFI5:
 117              	 .cfi_def_cfa_offset 8
 118              	 .cfi_offset 7,-8
 119              	 .cfi_offset 14,-4
 120 0002 8AB0     	 sub sp,sp,#40
 121              	.LCFI6:
 122              	 .cfi_def_cfa_offset 48
 123 0004 00AF     	 add r7,sp,#0
 124              	.LCFI7:
 125              	 .cfi_def_cfa_register 7
 126 0006 F860     	 str r0,[r7,#12]
 127 0008 B960     	 str r1,[r7,#8]
 128 000a 7A60     	 str r2,[r7,#4]
 129 000c 3B60     	 str r3,[r7]
  85:../Libraries/libscpi/src/expression.c ****     lex_state_t lex;
  86:../Libraries/libscpi/src/expression.c ****     int i;
  87:../Libraries/libscpi/src/expression.c ****     scpi_expr_result_t res = SCPI_EXPR_OK;
 130              	 .loc 1 87 0
 131 000e 0023     	 movs r3,#0
 132 0010 87F82330 	 strb r3,[r7,#35]
  88:../Libraries/libscpi/src/expression.c **** 
  89:../Libraries/libscpi/src/expression.c ****     if (!isRange || !valueFrom || !valueTo || !param) {
 133              	 .loc 1 89 0
 134 0014 3B68     	 ldr r3,[r7]
 135 0016 002B     	 cmp r3,#0
 136 0018 08D0     	 beq .L7
 137              	 .loc 1 89 0 is_stmt 0 discriminator 1
 138 001a 3B6B     	 ldr r3,[r7,#48]
 139 001c 002B     	 cmp r3,#0
 140 001e 05D0     	 beq .L7
 141              	 .loc 1 89 0 discriminator 2
 142 0020 7B6B     	 ldr r3,[r7,#52]
 143 0022 002B     	 cmp r3,#0
 144 0024 02D0     	 beq .L7
 145              	 .loc 1 89 0 discriminator 3
 146 0026 BB68     	 ldr r3,[r7,#8]
 147 0028 002B     	 cmp r3,#0
 148 002a 05D1     	 bne .L8
 149              	.L7:
  90:../Libraries/libscpi/src/expression.c ****         SCPI_ErrorPush(context, SCPI_ERROR_SYSTEM_ERROR);
 150              	 .loc 1 90 0 is_stmt 1
 151 002c F868     	 ldr r0,[r7,#12]
 152 002e 2F49     	 ldr r1,.L20
 153 0030 FFF7FEFF 	 bl SCPI_ErrorPush
  91:../Libraries/libscpi/src/expression.c ****         return SCPI_EXPR_ERROR;
 154              	 .loc 1 91 0
 155 0034 0123     	 movs r3,#1
 156 0036 54E0     	 b .L19
 157              	.L8:
  92:../Libraries/libscpi/src/expression.c ****     }
  93:../Libraries/libscpi/src/expression.c **** 
  94:../Libraries/libscpi/src/expression.c ****     if (param->type != SCPI_TOKEN_PROGRAM_EXPRESSION) {
 158              	 .loc 1 94 0
 159 0038 BB68     	 ldr r3,[r7,#8]
 160 003a 1B78     	 ldrb r3,[r3]
 161 003c 102B     	 cmp r3,#16
 162 003e 06D0     	 beq .L10
  95:../Libraries/libscpi/src/expression.c ****         SCPI_ErrorPush(context, SCPI_ERROR_DATA_TYPE_ERROR);
 163              	 .loc 1 95 0
 164 0040 F868     	 ldr r0,[r7,#12]
 165 0042 6FF06701 	 mvn r1,#103
 166 0046 FFF7FEFF 	 bl SCPI_ErrorPush
  96:../Libraries/libscpi/src/expression.c ****         return SCPI_EXPR_ERROR;
 167              	 .loc 1 96 0
 168 004a 0123     	 movs r3,#1
 169 004c 49E0     	 b .L19
 170              	.L10:
  97:../Libraries/libscpi/src/expression.c ****     }
  98:../Libraries/libscpi/src/expression.c **** 
  99:../Libraries/libscpi/src/expression.c ****     lex.buffer = param->ptr + 1;
 171              	 .loc 1 99 0
 172 004e BB68     	 ldr r3,[r7,#8]
 173 0050 5B68     	 ldr r3,[r3,#4]
 174 0052 0133     	 adds r3,r3,#1
 175 0054 7B61     	 str r3,[r7,#20]
 100:../Libraries/libscpi/src/expression.c ****     lex.pos = lex.buffer;
 176              	 .loc 1 100 0
 177 0056 7B69     	 ldr r3,[r7,#20]
 178 0058 BB61     	 str r3,[r7,#24]
 101:../Libraries/libscpi/src/expression.c ****     lex.len = param->len - 2;
 179              	 .loc 1 101 0
 180 005a BB68     	 ldr r3,[r7,#8]
 181 005c 9B68     	 ldr r3,[r3,#8]
 182 005e 023B     	 subs r3,r3,#2
 183 0060 FB61     	 str r3,[r7,#28]
 102:../Libraries/libscpi/src/expression.c **** 
 103:../Libraries/libscpi/src/expression.c ****     for (i = 0; i <= index; i++) {
 184              	 .loc 1 103 0
 185 0062 0023     	 movs r3,#0
 186 0064 7B62     	 str r3,[r7,#36]
 187 0066 2DE0     	 b .L11
 188              	.L17:
 104:../Libraries/libscpi/src/expression.c ****         res = numericRange(&lex, isRange, valueFrom, valueTo);
 189              	 .loc 1 104 0
 190 0068 07F11403 	 add r3,r7,#20
 191 006c 1846     	 mov r0,r3
 192 006e 3968     	 ldr r1,[r7]
 193 0070 3A6B     	 ldr r2,[r7,#48]
 194 0072 7B6B     	 ldr r3,[r7,#52]
 195 0074 FFF7FEFF 	 bl numericRange
 196 0078 0346     	 mov r3,r0
 197 007a 87F82330 	 strb r3,[r7,#35]
 105:../Libraries/libscpi/src/expression.c ****         if (res != SCPI_EXPR_OK) {
 198              	 .loc 1 105 0
 199 007e 97F82330 	 ldrb r3,[r7,#35]
 200 0082 002B     	 cmp r3,#0
 201 0084 00D0     	 beq .L12
 106:../Libraries/libscpi/src/expression.c ****             break;
 202              	 .loc 1 106 0
 203 0086 21E0     	 b .L13
 204              	.L12:
 107:../Libraries/libscpi/src/expression.c ****         }
 108:../Libraries/libscpi/src/expression.c ****         if (i != index) {
 205              	 .loc 1 108 0
 206 0088 7A6A     	 ldr r2,[r7,#36]
 207 008a 7B68     	 ldr r3,[r7,#4]
 208 008c 9A42     	 cmp r2,r3
 209 008e 16D0     	 beq .L14
 109:../Libraries/libscpi/src/expression.c ****             if (!scpiLex_Comma(&lex, valueFrom)) {
 210              	 .loc 1 109 0
 211 0090 07F11403 	 add r3,r7,#20
 212 0094 1846     	 mov r0,r3
 213 0096 396B     	 ldr r1,[r7,#48]
 214 0098 FFF7FEFF 	 bl scpiLex_Comma
 215 009c 0346     	 mov r3,r0
 216 009e 002B     	 cmp r3,#0
 217 00a0 0DD1     	 bne .L14
 110:../Libraries/libscpi/src/expression.c ****                 res = scpiLex_IsEos(&lex) ? SCPI_EXPR_NO_MORE : SCPI_EXPR_ERROR;
 218              	 .loc 1 110 0
 219 00a2 07F11403 	 add r3,r7,#20
 220 00a6 1846     	 mov r0,r3
 221 00a8 FFF7FEFF 	 bl scpiLex_IsEos
 222 00ac 0346     	 mov r3,r0
 223 00ae 002B     	 cmp r3,#0
 224 00b0 01D0     	 beq .L15
 225              	 .loc 1 110 0 is_stmt 0 discriminator 1
 226 00b2 0223     	 movs r3,#2
 227 00b4 00E0     	 b .L16
 228              	.L15:
 229              	 .loc 1 110 0 discriminator 2
 230 00b6 0123     	 movs r3,#1
 231              	.L16:
 232              	 .loc 1 110 0 discriminator 4
 233 00b8 87F82330 	 strb r3,[r7,#35]
 111:../Libraries/libscpi/src/expression.c ****                 break;
 234              	 .loc 1 111 0 is_stmt 1 discriminator 4
 235 00bc 06E0     	 b .L13
 236              	.L14:
 103:../Libraries/libscpi/src/expression.c ****         res = numericRange(&lex, isRange, valueFrom, valueTo);
 237              	 .loc 1 103 0 discriminator 2
 238 00be 7B6A     	 ldr r3,[r7,#36]
 239 00c0 0133     	 adds r3,r3,#1
 240 00c2 7B62     	 str r3,[r7,#36]
 241              	.L11:
 103:../Libraries/libscpi/src/expression.c ****         res = numericRange(&lex, isRange, valueFrom, valueTo);
 242              	 .loc 1 103 0 is_stmt 0 discriminator 1
 243 00c4 7A6A     	 ldr r2,[r7,#36]
 244 00c6 7B68     	 ldr r3,[r7,#4]
 245 00c8 9A42     	 cmp r2,r3
 246 00ca CDDD     	 ble .L17
 247              	.L13:
 112:../Libraries/libscpi/src/expression.c ****             }
 113:../Libraries/libscpi/src/expression.c ****         }
 114:../Libraries/libscpi/src/expression.c ****     }
 115:../Libraries/libscpi/src/expression.c **** 
 116:../Libraries/libscpi/src/expression.c ****     if (res == SCPI_EXPR_ERROR) {
 248              	 .loc 1 116 0 is_stmt 1
 249 00cc 97F82330 	 ldrb r3,[r7,#35]
 250 00d0 012B     	 cmp r3,#1
 251 00d2 04D1     	 bne .L18
 117:../Libraries/libscpi/src/expression.c ****         SCPI_ErrorPush(context, SCPI_ERROR_EXPRESSION_PARSING_ERROR);
 252              	 .loc 1 117 0
 253 00d4 F868     	 ldr r0,[r7,#12]
 254 00d6 6FF0A901 	 mvn r1,#169
 255 00da FFF7FEFF 	 bl SCPI_ErrorPush
 256              	.L18:
 118:../Libraries/libscpi/src/expression.c ****     }
 119:../Libraries/libscpi/src/expression.c ****     return res;
 257              	 .loc 1 119 0
 258 00de 97F82330 	 ldrb r3,[r7,#35]
 259              	.L19:
 120:../Libraries/libscpi/src/expression.c **** }
 260              	 .loc 1 120 0 discriminator 1
 261 00e2 1846     	 mov r0,r3
 262 00e4 2837     	 adds r7,r7,#40
 263              	.LCFI8:
 264              	 .cfi_def_cfa_offset 8
 265 00e6 BD46     	 mov sp,r7
 266              	.LCFI9:
 267              	 .cfi_def_cfa_register 13
 268              	 
 269 00e8 80BD     	 pop {r7,pc}
 270              	.L21:
 271 00ea 00BF     	 .align 2
 272              	.L20:
 273 00ec CAFEFFFF 	 .word -310
 274              	 .cfi_endproc
 275              	.LFE1:
 277              	 .section .text.SCPI_ExprNumericListEntryInt,"ax",%progbits
 278              	 .align 2
 279              	 .global SCPI_ExprNumericListEntryInt
 280              	 .thumb
 281              	 .thumb_func
 283              	SCPI_ExprNumericListEntryInt:
 284              	.LFB2:
 121:../Libraries/libscpi/src/expression.c **** 
 122:../Libraries/libscpi/src/expression.c **** /**
 123:../Libraries/libscpi/src/expression.c ****  * Parse entry on specified position and convert result to int32_t
 124:../Libraries/libscpi/src/expression.c ****  * @param context scpi context
 125:../Libraries/libscpi/src/expression.c ****  * @param param input parameter
 126:../Libraries/libscpi/src/expression.c ****  * @param index index of position (start from 0)
 127:../Libraries/libscpi/src/expression.c ****  * @param isRange return true if expression at index was range
 128:../Libraries/libscpi/src/expression.c ****  * @param valueFrom return value from
 129:../Libraries/libscpi/src/expression.c ****  * @param valueTo return value to
 130:../Libraries/libscpi/src/expression.c ****  * @return SCPI_EXPR_OK - parsing was succesful
 131:../Libraries/libscpi/src/expression.c ****  *         SCPI_EXPR_ERROR - parser error
 132:../Libraries/libscpi/src/expression.c ****  *         SCPI_EXPR_NO_MORE - no more data
 133:../Libraries/libscpi/src/expression.c ****  * @see SCPI_ExprNumericListEntry, SCPI_ExprNumericListEntryDouble
 134:../Libraries/libscpi/src/expression.c ****  */
 135:../Libraries/libscpi/src/expression.c **** scpi_expr_result_t SCPI_ExprNumericListEntryInt(scpi_t * context, scpi_parameter_t * param, int ind
 285              	 .loc 1 135 0
 286              	 .cfi_startproc
 287              	 
 288              	 
 289 0000 90B5     	 push {r4,r7,lr}
 290              	.LCFI10:
 291              	 .cfi_def_cfa_offset 12
 292              	 .cfi_offset 4,-12
 293              	 .cfi_offset 7,-8
 294              	 .cfi_offset 14,-4
 295 0002 8FB0     	 sub sp,sp,#60
 296              	.LCFI11:
 297              	 .cfi_def_cfa_offset 72
 298 0004 02AF     	 add r7,sp,#8
 299              	.LCFI12:
 300              	 .cfi_def_cfa 7,64
 301 0006 F860     	 str r0,[r7,#12]
 302 0008 B960     	 str r1,[r7,#8]
 303 000a 7A60     	 str r2,[r7,#4]
 304 000c 3B60     	 str r3,[r7]
 136:../Libraries/libscpi/src/expression.c ****     scpi_expr_result_t res;
 137:../Libraries/libscpi/src/expression.c ****     scpi_bool_t range = FALSE;
 305              	 .loc 1 137 0
 306 000e 0023     	 movs r3,#0
 307 0010 87F82E30 	 strb r3,[r7,#46]
 138:../Libraries/libscpi/src/expression.c ****     scpi_parameter_t paramFrom;
 139:../Libraries/libscpi/src/expression.c ****     scpi_parameter_t paramTo;
 140:../Libraries/libscpi/src/expression.c **** 
 141:../Libraries/libscpi/src/expression.c ****     res = SCPI_ExprNumericListEntry(context, param, index, &range, &paramFrom, &paramTo);
 308              	 .loc 1 141 0
 309 0014 07F12E04 	 add r4,r7,#46
 310 0018 07F12003 	 add r3,r7,#32
 311 001c 0093     	 str r3,[sp]
 312 001e 07F11403 	 add r3,r7,#20
 313 0022 0193     	 str r3,[sp,#4]
 314 0024 F868     	 ldr r0,[r7,#12]
 315 0026 B968     	 ldr r1,[r7,#8]
 316 0028 7A68     	 ldr r2,[r7,#4]
 317 002a 2346     	 mov r3,r4
 318 002c FFF7FEFF 	 bl SCPI_ExprNumericListEntry
 319 0030 0346     	 mov r3,r0
 320 0032 87F82F30 	 strb r3,[r7,#47]
 142:../Libraries/libscpi/src/expression.c ****     if (res == SCPI_EXPR_OK) {
 321              	 .loc 1 142 0
 322 0036 97F82F30 	 ldrb r3,[r7,#47]
 323 003a 002B     	 cmp r3,#0
 324 003c 15D1     	 bne .L23
 143:../Libraries/libscpi/src/expression.c ****         *isRange = range;
 325              	 .loc 1 143 0
 326 003e 97F82E20 	 ldrb r2,[r7,#46]
 327 0042 3B68     	 ldr r3,[r7]
 328 0044 1A70     	 strb r2,[r3]
 144:../Libraries/libscpi/src/expression.c ****         SCPI_ParamToInt32(context, &paramFrom, valueFrom);
 329              	 .loc 1 144 0
 330 0046 07F12003 	 add r3,r7,#32
 331 004a F868     	 ldr r0,[r7,#12]
 332 004c 1946     	 mov r1,r3
 333 004e 3A6C     	 ldr r2,[r7,#64]
 334 0050 FFF7FEFF 	 bl SCPI_ParamToInt32
 145:../Libraries/libscpi/src/expression.c ****         if (range) {
 335              	 .loc 1 145 0
 336 0054 97F82E30 	 ldrb r3,[r7,#46]
 337 0058 002B     	 cmp r3,#0
 338 005a 06D0     	 beq .L23
 146:../Libraries/libscpi/src/expression.c ****             SCPI_ParamToInt32(context, &paramTo, valueTo);
 339              	 .loc 1 146 0
 340 005c 07F11403 	 add r3,r7,#20
 341 0060 F868     	 ldr r0,[r7,#12]
 342 0062 1946     	 mov r1,r3
 343 0064 7A6C     	 ldr r2,[r7,#68]
 344 0066 FFF7FEFF 	 bl SCPI_ParamToInt32
 345              	.L23:
 147:../Libraries/libscpi/src/expression.c ****         }
 148:../Libraries/libscpi/src/expression.c ****     }
 149:../Libraries/libscpi/src/expression.c **** 
 150:../Libraries/libscpi/src/expression.c ****     return res;
 346              	 .loc 1 150 0
 347 006a 97F82F30 	 ldrb r3,[r7,#47]
 151:../Libraries/libscpi/src/expression.c **** }
 348              	 .loc 1 151 0
 349 006e 1846     	 mov r0,r3
 350 0070 3437     	 adds r7,r7,#52
 351              	.LCFI13:
 352              	 .cfi_def_cfa_offset 12
 353 0072 BD46     	 mov sp,r7
 354              	.LCFI14:
 355              	 .cfi_def_cfa_register 13
 356              	 
 357 0074 90BD     	 pop {r4,r7,pc}
 358              	 .cfi_endproc
 359              	.LFE2:
 361 0076 00BF     	 .section .text.SCPI_ExprNumericListEntryDouble,"ax",%progbits
 362              	 .align 2
 363              	 .global SCPI_ExprNumericListEntryDouble
 364              	 .thumb
 365              	 .thumb_func
 367              	SCPI_ExprNumericListEntryDouble:
 368              	.LFB3:
 152:../Libraries/libscpi/src/expression.c **** 
 153:../Libraries/libscpi/src/expression.c **** /**
 154:../Libraries/libscpi/src/expression.c ****  * Parse entry on specified position and convert result to double
 155:../Libraries/libscpi/src/expression.c ****  * @param context scpi context
 156:../Libraries/libscpi/src/expression.c ****  * @param param input parameter
 157:../Libraries/libscpi/src/expression.c ****  * @param index index of position (start from 0)
 158:../Libraries/libscpi/src/expression.c ****  * @param isRange return true if expression at index was range
 159:../Libraries/libscpi/src/expression.c ****  * @param valueFrom return value from
 160:../Libraries/libscpi/src/expression.c ****  * @param valueTo return value to
 161:../Libraries/libscpi/src/expression.c ****  * @return SCPI_EXPR_OK - parsing was succesful
 162:../Libraries/libscpi/src/expression.c ****  *         SCPI_EXPR_ERROR - parser error
 163:../Libraries/libscpi/src/expression.c ****  *         SCPI_EXPR_NO_MORE - no more data
 164:../Libraries/libscpi/src/expression.c ****  * @see SCPI_ExprNumericListEntry, SCPI_ExprNumericListEntryInt
 165:../Libraries/libscpi/src/expression.c ****  */
 166:../Libraries/libscpi/src/expression.c **** scpi_expr_result_t SCPI_ExprNumericListEntryDouble(scpi_t * context, scpi_parameter_t * param, int 
 369              	 .loc 1 166 0
 370              	 .cfi_startproc
 371              	 
 372              	 
 373 0000 90B5     	 push {r4,r7,lr}
 374              	.LCFI15:
 375              	 .cfi_def_cfa_offset 12
 376              	 .cfi_offset 4,-12
 377              	 .cfi_offset 7,-8
 378              	 .cfi_offset 14,-4
 379 0002 8FB0     	 sub sp,sp,#60
 380              	.LCFI16:
 381              	 .cfi_def_cfa_offset 72
 382 0004 02AF     	 add r7,sp,#8
 383              	.LCFI17:
 384              	 .cfi_def_cfa 7,64
 385 0006 F860     	 str r0,[r7,#12]
 386 0008 B960     	 str r1,[r7,#8]
 387 000a 7A60     	 str r2,[r7,#4]
 388 000c 3B60     	 str r3,[r7]
 167:../Libraries/libscpi/src/expression.c ****     scpi_expr_result_t res;
 168:../Libraries/libscpi/src/expression.c ****     scpi_bool_t range = FALSE;
 389              	 .loc 1 168 0
 390 000e 0023     	 movs r3,#0
 391 0010 87F82E30 	 strb r3,[r7,#46]
 169:../Libraries/libscpi/src/expression.c ****     scpi_parameter_t paramFrom;
 170:../Libraries/libscpi/src/expression.c ****     scpi_parameter_t paramTo;
 171:../Libraries/libscpi/src/expression.c **** 
 172:../Libraries/libscpi/src/expression.c ****     res = SCPI_ExprNumericListEntry(context, param, index, &range, &paramFrom, &paramTo);
 392              	 .loc 1 172 0
 393 0014 07F12E04 	 add r4,r7,#46
 394 0018 07F12003 	 add r3,r7,#32
 395 001c 0093     	 str r3,[sp]
 396 001e 07F11403 	 add r3,r7,#20
 397 0022 0193     	 str r3,[sp,#4]
 398 0024 F868     	 ldr r0,[r7,#12]
 399 0026 B968     	 ldr r1,[r7,#8]
 400 0028 7A68     	 ldr r2,[r7,#4]
 401 002a 2346     	 mov r3,r4
 402 002c FFF7FEFF 	 bl SCPI_ExprNumericListEntry
 403 0030 0346     	 mov r3,r0
 404 0032 87F82F30 	 strb r3,[r7,#47]
 173:../Libraries/libscpi/src/expression.c ****     if (res == SCPI_EXPR_OK) {
 405              	 .loc 1 173 0
 406 0036 97F82F30 	 ldrb r3,[r7,#47]
 407 003a 002B     	 cmp r3,#0
 408 003c 15D1     	 bne .L26
 174:../Libraries/libscpi/src/expression.c ****         *isRange = range;
 409              	 .loc 1 174 0
 410 003e 97F82E20 	 ldrb r2,[r7,#46]
 411 0042 3B68     	 ldr r3,[r7]
 412 0044 1A70     	 strb r2,[r3]
 175:../Libraries/libscpi/src/expression.c ****         SCPI_ParamToDouble(context, &paramFrom, valueFrom);
 413              	 .loc 1 175 0
 414 0046 07F12003 	 add r3,r7,#32
 415 004a F868     	 ldr r0,[r7,#12]
 416 004c 1946     	 mov r1,r3
 417 004e 3A6C     	 ldr r2,[r7,#64]
 418 0050 FFF7FEFF 	 bl SCPI_ParamToDouble
 176:../Libraries/libscpi/src/expression.c ****         if (range) {
 419              	 .loc 1 176 0
 420 0054 97F82E30 	 ldrb r3,[r7,#46]
 421 0058 002B     	 cmp r3,#0
 422 005a 06D0     	 beq .L26
 177:../Libraries/libscpi/src/expression.c ****             SCPI_ParamToDouble(context, &paramTo, valueTo);
 423              	 .loc 1 177 0
 424 005c 07F11403 	 add r3,r7,#20
 425 0060 F868     	 ldr r0,[r7,#12]
 426 0062 1946     	 mov r1,r3
 427 0064 7A6C     	 ldr r2,[r7,#68]
 428 0066 FFF7FEFF 	 bl SCPI_ParamToDouble
 429              	.L26:
 178:../Libraries/libscpi/src/expression.c ****         }
 179:../Libraries/libscpi/src/expression.c ****     }
 180:../Libraries/libscpi/src/expression.c **** 
 181:../Libraries/libscpi/src/expression.c ****     return res;
 430              	 .loc 1 181 0
 431 006a 97F82F30 	 ldrb r3,[r7,#47]
 182:../Libraries/libscpi/src/expression.c **** }
 432              	 .loc 1 182 0
 433 006e 1846     	 mov r0,r3
 434 0070 3437     	 adds r7,r7,#52
 435              	.LCFI18:
 436              	 .cfi_def_cfa_offset 12
 437 0072 BD46     	 mov sp,r7
 438              	.LCFI19:
 439              	 .cfi_def_cfa_register 13
 440              	 
 441 0074 90BD     	 pop {r4,r7,pc}
 442              	 .cfi_endproc
 443              	.LFE3:
 445 0076 00BF     	 .section .text.channelSpec,"ax",%progbits
 446              	 .align 2
 447              	 .thumb
 448              	 .thumb_func
 450              	channelSpec:
 451              	.LFB4:
 183:../Libraries/libscpi/src/expression.c **** 
 184:../Libraries/libscpi/src/expression.c **** /**
 185:../Libraries/libscpi/src/expression.c ****  * Parse one channel_spec e.g. "1!5!8"
 186:../Libraries/libscpi/src/expression.c ****  * @param context
 187:../Libraries/libscpi/src/expression.c ****  * @param state lexer state
 188:../Libraries/libscpi/src/expression.c ****  * @param values range values
 189:../Libraries/libscpi/src/expression.c ****  * @param length length of values array
 190:../Libraries/libscpi/src/expression.c ****  * @param dimensions real number of dimensions
 191:../Libraries/libscpi/src/expression.c ****  */
 192:../Libraries/libscpi/src/expression.c **** static scpi_expr_result_t channelSpec(scpi_t * context, lex_state_t * state, int32_t * values, size
 452              	 .loc 1 192 0
 453              	 .cfi_startproc
 454              	 
 455              	 
 456 0000 80B5     	 push {r7,lr}
 457              	.LCFI20:
 458              	 .cfi_def_cfa_offset 8
 459              	 .cfi_offset 7,-8
 460              	 .cfi_offset 14,-4
 461 0002 88B0     	 sub sp,sp,#32
 462              	.LCFI21:
 463              	 .cfi_def_cfa_offset 40
 464 0004 00AF     	 add r7,sp,#0
 465              	.LCFI22:
 466              	 .cfi_def_cfa_register 7
 467 0006 F860     	 str r0,[r7,#12]
 468 0008 B960     	 str r1,[r7,#8]
 469 000a 7A60     	 str r2,[r7,#4]
 470 000c 3B60     	 str r3,[r7]
 193:../Libraries/libscpi/src/expression.c ****     scpi_parameter_t param;
 194:../Libraries/libscpi/src/expression.c ****     size_t i = 0;
 471              	 .loc 1 194 0
 472 000e 0023     	 movs r3,#0
 473 0010 FB61     	 str r3,[r7,#28]
 195:../Libraries/libscpi/src/expression.c ****     while (scpiLex_DecimalNumericProgramData(state, &param)) {
 474              	 .loc 1 195 0
 475 0012 22E0     	 b .L29
 476              	.L33:
 196:../Libraries/libscpi/src/expression.c ****         if (i < length) {
 477              	 .loc 1 196 0
 478 0014 FA69     	 ldr r2,[r7,#28]
 479 0016 3B68     	 ldr r3,[r7]
 480 0018 9A42     	 cmp r2,r3
 481 001a 0AD2     	 bcs .L30
 197:../Libraries/libscpi/src/expression.c ****             SCPI_ParamToInt32(context, &param, &values[i]);
 482              	 .loc 1 197 0
 483 001c FB69     	 ldr r3,[r7,#28]
 484 001e 9B00     	 lsls r3,r3,#2
 485 0020 7A68     	 ldr r2,[r7,#4]
 486 0022 1344     	 add r3,r3,r2
 487 0024 07F11002 	 add r2,r7,#16
 488 0028 F868     	 ldr r0,[r7,#12]
 489 002a 1146     	 mov r1,r2
 490 002c 1A46     	 mov r2,r3
 491 002e FFF7FEFF 	 bl SCPI_ParamToInt32
 492              	.L30:
 198:../Libraries/libscpi/src/expression.c ****         }
 199:../Libraries/libscpi/src/expression.c **** 
 200:../Libraries/libscpi/src/expression.c ****         if (scpiLex_SpecificCharacter(state, &param, '!')) {
 493              	 .loc 1 200 0
 494 0032 07F11003 	 add r3,r7,#16
 495 0036 B868     	 ldr r0,[r7,#8]
 496 0038 1946     	 mov r1,r3
 497 003a 2122     	 movs r2,#33
 498 003c FFF7FEFF 	 bl scpiLex_SpecificCharacter
 499 0040 0346     	 mov r3,r0
 500 0042 002B     	 cmp r3,#0
 501 0044 03D0     	 beq .L31
 201:../Libraries/libscpi/src/expression.c ****             i++;
 502              	 .loc 1 201 0
 503 0046 FB69     	 ldr r3,[r7,#28]
 504 0048 0133     	 adds r3,r3,#1
 505 004a FB61     	 str r3,[r7,#28]
 506 004c 05E0     	 b .L29
 507              	.L31:
 202:../Libraries/libscpi/src/expression.c ****         } else {
 203:../Libraries/libscpi/src/expression.c ****             *dimensions = i + 1;
 508              	 .loc 1 203 0
 509 004e FB69     	 ldr r3,[r7,#28]
 510 0050 5A1C     	 adds r2,r3,#1
 511 0052 BB6A     	 ldr r3,[r7,#40]
 512 0054 1A60     	 str r2,[r3]
 204:../Libraries/libscpi/src/expression.c ****             return SCPI_EXPR_OK;
 513              	 .loc 1 204 0
 514 0056 0023     	 movs r3,#0
 515 0058 0EE0     	 b .L35
 516              	.L29:
 195:../Libraries/libscpi/src/expression.c ****         if (i < length) {
 517              	 .loc 1 195 0
 518 005a 07F11003 	 add r3,r7,#16
 519 005e B868     	 ldr r0,[r7,#8]
 520 0060 1946     	 mov r1,r3
 521 0062 FFF7FEFF 	 bl scpiLex_DecimalNumericProgramData
 522 0066 0346     	 mov r3,r0
 523 0068 002B     	 cmp r3,#0
 524 006a D3D1     	 bne .L33
 205:../Libraries/libscpi/src/expression.c ****         }
 206:../Libraries/libscpi/src/expression.c ****     }
 207:../Libraries/libscpi/src/expression.c **** 
 208:../Libraries/libscpi/src/expression.c ****     if (i == 0) {
 525              	 .loc 1 208 0
 526 006c FB69     	 ldr r3,[r7,#28]
 527 006e 002B     	 cmp r3,#0
 528 0070 01D1     	 bne .L34
 209:../Libraries/libscpi/src/expression.c ****         return SCPI_EXPR_NO_MORE;
 529              	 .loc 1 209 0
 530 0072 0223     	 movs r3,#2
 531 0074 00E0     	 b .L35
 532              	.L34:
 210:../Libraries/libscpi/src/expression.c ****     } else {
 211:../Libraries/libscpi/src/expression.c ****         /* there was at least one number followed by !, but after ! was not another number */
 212:../Libraries/libscpi/src/expression.c ****         return SCPI_EXPR_ERROR;
 533              	 .loc 1 212 0
 534 0076 0123     	 movs r3,#1
 535              	.L35:
 213:../Libraries/libscpi/src/expression.c ****     }
 214:../Libraries/libscpi/src/expression.c **** }
 536              	 .loc 1 214 0 discriminator 1
 537 0078 1846     	 mov r0,r3
 538 007a 2037     	 adds r7,r7,#32
 539              	.LCFI23:
 540              	 .cfi_def_cfa_offset 8
 541 007c BD46     	 mov sp,r7
 542              	.LCFI24:
 543              	 .cfi_def_cfa_register 13
 544              	 
 545 007e 80BD     	 pop {r7,pc}
 546              	 .cfi_endproc
 547              	.LFE4:
 549              	 .section .text.channelRange,"ax",%progbits
 550              	 .align 2
 551              	 .thumb
 552              	 .thumb_func
 554              	channelRange:
 555              	.LFB5:
 215:../Libraries/libscpi/src/expression.c **** 
 216:../Libraries/libscpi/src/expression.c **** /**
 217:../Libraries/libscpi/src/expression.c ****  * Parse channel_range e.g. "1!2:5!6"
 218:../Libraries/libscpi/src/expression.c ****  * @param context
 219:../Libraries/libscpi/src/expression.c ****  * @param state lexer state
 220:../Libraries/libscpi/src/expression.c ****  * @param isRange return true if it is range
 221:../Libraries/libscpi/src/expression.c ****  * @param valuesFrom return array of values from
 222:../Libraries/libscpi/src/expression.c ****  * @param valuesTo return array of values to
 223:../Libraries/libscpi/src/expression.c ****  * @param length length of values arrays
 224:../Libraries/libscpi/src/expression.c ****  * @param dimensions real number of dimensions
 225:../Libraries/libscpi/src/expression.c ****  */
 226:../Libraries/libscpi/src/expression.c **** static scpi_expr_result_t channelRange(scpi_t * context, lex_state_t * state, scpi_bool_t * isRange
 556              	 .loc 1 226 0
 557              	 .cfi_startproc
 558              	 
 559              	 
 560 0000 80B5     	 push {r7,lr}
 561              	.LCFI25:
 562              	 .cfi_def_cfa_offset 8
 563              	 .cfi_offset 7,-8
 564              	 .cfi_offset 14,-4
 565 0002 8CB0     	 sub sp,sp,#48
 566              	.LCFI26:
 567              	 .cfi_def_cfa_offset 56
 568 0004 02AF     	 add r7,sp,#8
 569              	.LCFI27:
 570              	 .cfi_def_cfa 7,48
 571 0006 F860     	 str r0,[r7,#12]
 572 0008 B960     	 str r1,[r7,#8]
 573 000a 7A60     	 str r2,[r7,#4]
 574 000c 3B60     	 str r3,[r7]
 227:../Libraries/libscpi/src/expression.c ****     scpi_token_t token;
 228:../Libraries/libscpi/src/expression.c ****     scpi_expr_result_t err;
 229:../Libraries/libscpi/src/expression.c ****     size_t fromDimensions;
 230:../Libraries/libscpi/src/expression.c ****     size_t toDimensions;
 231:../Libraries/libscpi/src/expression.c **** 
 232:../Libraries/libscpi/src/expression.c ****     err = channelSpec(context, state, valuesFrom, length, &fromDimensions);
 575              	 .loc 1 232 0
 576 000e 07F11403 	 add r3,r7,#20
 577 0012 0093     	 str r3,[sp]
 578 0014 F868     	 ldr r0,[r7,#12]
 579 0016 B968     	 ldr r1,[r7,#8]
 580 0018 3A68     	 ldr r2,[r7]
 581 001a 7B6B     	 ldr r3,[r7,#52]
 582 001c FFF7FEFF 	 bl channelSpec
 583 0020 0346     	 mov r3,r0
 584 0022 87F82730 	 strb r3,[r7,#39]
 233:../Libraries/libscpi/src/expression.c ****     if (err == SCPI_EXPR_OK) {
 585              	 .loc 1 233 0
 586 0026 97F82730 	 ldrb r3,[r7,#39]
 587 002a 002B     	 cmp r3,#0
 588 002c 2FD1     	 bne .L37
 234:../Libraries/libscpi/src/expression.c ****         if (scpiLex_Colon(state, &token)) {
 589              	 .loc 1 234 0
 590 002e 07F11803 	 add r3,r7,#24
 591 0032 B868     	 ldr r0,[r7,#8]
 592 0034 1946     	 mov r1,r3
 593 0036 FFF7FEFF 	 bl scpiLex_Colon
 594 003a 0346     	 mov r3,r0
 595 003c 002B     	 cmp r3,#0
 596 003e 1ED0     	 beq .L38
 235:../Libraries/libscpi/src/expression.c ****             *isRange = TRUE;
 597              	 .loc 1 235 0
 598 0040 7B68     	 ldr r3,[r7,#4]
 599 0042 0122     	 movs r2,#1
 600 0044 1A70     	 strb r2,[r3]
 236:../Libraries/libscpi/src/expression.c ****             err = channelSpec(context, state, valuesTo, length, &toDimensions);
 601              	 .loc 1 236 0
 602 0046 07F11003 	 add r3,r7,#16
 603 004a 0093     	 str r3,[sp]
 604 004c F868     	 ldr r0,[r7,#12]
 605 004e B968     	 ldr r1,[r7,#8]
 606 0050 3A6B     	 ldr r2,[r7,#48]
 607 0052 7B6B     	 ldr r3,[r7,#52]
 608 0054 FFF7FEFF 	 bl channelSpec
 609 0058 0346     	 mov r3,r0
 610 005a 87F82730 	 strb r3,[r7,#39]
 237:../Libraries/libscpi/src/expression.c ****             if (err != SCPI_EXPR_OK) {
 611              	 .loc 1 237 0
 612 005e 97F82730 	 ldrb r3,[r7,#39]
 613 0062 002B     	 cmp r3,#0
 614 0064 01D0     	 beq .L39
 238:../Libraries/libscpi/src/expression.c ****                 return SCPI_EXPR_ERROR;
 615              	 .loc 1 238 0
 616 0066 0123     	 movs r3,#1
 617 0068 1AE0     	 b .L43
 618              	.L39:
 239:../Libraries/libscpi/src/expression.c ****             }
 240:../Libraries/libscpi/src/expression.c ****             if (fromDimensions != toDimensions) {
 619              	 .loc 1 240 0
 620 006a 7A69     	 ldr r2,[r7,#20]
 621 006c 3B69     	 ldr r3,[r7,#16]
 622 006e 9A42     	 cmp r2,r3
 623 0070 01D0     	 beq .L41
 241:../Libraries/libscpi/src/expression.c ****                 return SCPI_EXPR_ERROR;
 624              	 .loc 1 241 0
 625 0072 0123     	 movs r3,#1
 626 0074 14E0     	 b .L43
 627              	.L41:
 242:../Libraries/libscpi/src/expression.c ****             }
 243:../Libraries/libscpi/src/expression.c ****             *dimensions = fromDimensions;
 628              	 .loc 1 243 0
 629 0076 7A69     	 ldr r2,[r7,#20]
 630 0078 BB6B     	 ldr r3,[r7,#56]
 631 007a 1A60     	 str r2,[r3]
 632 007c 0EE0     	 b .L42
 633              	.L38:
 244:../Libraries/libscpi/src/expression.c ****         } else {
 245:../Libraries/libscpi/src/expression.c ****             *isRange = FALSE;
 634              	 .loc 1 245 0
 635 007e 7B68     	 ldr r3,[r7,#4]
 636 0080 0022     	 movs r2,#0
 637 0082 1A70     	 strb r2,[r3]
 246:../Libraries/libscpi/src/expression.c ****             *dimensions = fromDimensions;
 638              	 .loc 1 246 0
 639 0084 7A69     	 ldr r2,[r7,#20]
 640 0086 BB6B     	 ldr r3,[r7,#56]
 641 0088 1A60     	 str r2,[r3]
 247:../Libraries/libscpi/src/expression.c ****             return SCPI_EXPR_OK;
 642              	 .loc 1 247 0
 643 008a 0023     	 movs r3,#0
 644 008c 08E0     	 b .L43
 645              	.L37:
 248:../Libraries/libscpi/src/expression.c ****         }
 249:../Libraries/libscpi/src/expression.c ****     } else if (err == SCPI_EXPR_NO_MORE) {
 646              	 .loc 1 249 0
 647 008e 97F82730 	 ldrb r3,[r7,#39]
 648 0092 022B     	 cmp r3,#2
 649 0094 02D1     	 bne .L42
 250:../Libraries/libscpi/src/expression.c ****         err = SCPI_EXPR_ERROR;
 650              	 .loc 1 250 0
 651 0096 0123     	 movs r3,#1
 652 0098 87F82730 	 strb r3,[r7,#39]
 653              	.L42:
 251:../Libraries/libscpi/src/expression.c ****     }
 252:../Libraries/libscpi/src/expression.c **** 
 253:../Libraries/libscpi/src/expression.c ****     return err;
 654              	 .loc 1 253 0
 655 009c 97F82730 	 ldrb r3,[r7,#39]
 656              	.L43:
 254:../Libraries/libscpi/src/expression.c **** }
 657              	 .loc 1 254 0 discriminator 1
 658 00a0 1846     	 mov r0,r3
 659 00a2 2837     	 adds r7,r7,#40
 660              	.LCFI28:
 661              	 .cfi_def_cfa_offset 8
 662 00a4 BD46     	 mov sp,r7
 663              	.LCFI29:
 664              	 .cfi_def_cfa_register 13
 665              	 
 666 00a6 80BD     	 pop {r7,pc}
 667              	 .cfi_endproc
 668              	.LFE5:
 670              	 .section .text.SCPI_ExprChannelListEntry,"ax",%progbits
 671              	 .align 2
 672              	 .global SCPI_ExprChannelListEntry
 673              	 .thumb
 674              	 .thumb_func
 676              	SCPI_ExprChannelListEntry:
 677              	.LFB6:
 255:../Libraries/libscpi/src/expression.c **** 
 256:../Libraries/libscpi/src/expression.c **** /**
 257:../Libraries/libscpi/src/expression.c ****  * Parse one list entry at specific position e.g. "1!2:5!6"
 258:../Libraries/libscpi/src/expression.c ****  * @param context
 259:../Libraries/libscpi/src/expression.c ****  * @param param
 260:../Libraries/libscpi/src/expression.c ****  * @param index
 261:../Libraries/libscpi/src/expression.c ****  * @param isRange return true if it is range
 262:../Libraries/libscpi/src/expression.c ****  * @param valuesFrom return array of values from
 263:../Libraries/libscpi/src/expression.c ****  * @param valuesTo return array of values to
 264:../Libraries/libscpi/src/expression.c ****  * @param length length of values arrays
 265:../Libraries/libscpi/src/expression.c ****  * @param dimensions real number of dimensions
 266:../Libraries/libscpi/src/expression.c ****  */
 267:../Libraries/libscpi/src/expression.c **** scpi_expr_result_t SCPI_ExprChannelListEntry(scpi_t * context, scpi_parameter_t * param, int index,
 678              	 .loc 1 267 0
 679              	 .cfi_startproc
 680              	 
 681              	 
 682 0000 80B5     	 push {r7,lr}
 683              	.LCFI30:
 684              	 .cfi_def_cfa_offset 8
 685              	 .cfi_offset 7,-8
 686              	 .cfi_offset 14,-4
 687 0002 90B0     	 sub sp,sp,#64
 688              	.LCFI31:
 689              	 .cfi_def_cfa_offset 72
 690 0004 04AF     	 add r7,sp,#16
 691              	.LCFI32:
 692              	 .cfi_def_cfa 7,56
 693 0006 F860     	 str r0,[r7,#12]
 694 0008 B960     	 str r1,[r7,#8]
 695 000a 7A60     	 str r2,[r7,#4]
 696 000c 3B60     	 str r3,[r7]
 268:../Libraries/libscpi/src/expression.c ****     lex_state_t lex;
 269:../Libraries/libscpi/src/expression.c ****     int i;
 270:../Libraries/libscpi/src/expression.c ****     scpi_expr_result_t res = SCPI_EXPR_OK;
 697              	 .loc 1 270 0
 698 000e 0023     	 movs r3,#0
 699 0010 87F82B30 	 strb r3,[r7,#43]
 271:../Libraries/libscpi/src/expression.c ****     scpi_token_t token;
 272:../Libraries/libscpi/src/expression.c **** 
 273:../Libraries/libscpi/src/expression.c ****     if (!isRange || !param || !dimensions || (length && (!valuesFrom || !valuesTo))) {
 700              	 .loc 1 273 0
 701 0014 3B68     	 ldr r3,[r7]
 702 0016 002B     	 cmp r3,#0
 703 0018 0ED0     	 beq .L45
 704              	 .loc 1 273 0 is_stmt 0 discriminator 1
 705 001a BB68     	 ldr r3,[r7,#8]
 706 001c 002B     	 cmp r3,#0
 707 001e 0BD0     	 beq .L45
 708              	 .loc 1 273 0 discriminator 2
 709 0020 7B6C     	 ldr r3,[r7,#68]
 710 0022 002B     	 cmp r3,#0
 711 0024 08D0     	 beq .L45
 712              	 .loc 1 273 0 discriminator 3
 713 0026 3B6C     	 ldr r3,[r7,#64]
 714 0028 002B     	 cmp r3,#0
 715 002a 0BD0     	 beq .L46
 716              	 .loc 1 273 0 discriminator 4
 717 002c BB6B     	 ldr r3,[r7,#56]
 718 002e 002B     	 cmp r3,#0
 719 0030 02D0     	 beq .L45
 720              	 .loc 1 273 0 discriminator 5
 721 0032 FB6B     	 ldr r3,[r7,#60]
 722 0034 002B     	 cmp r3,#0
 723 0036 05D1     	 bne .L46
 724              	.L45:
 274:../Libraries/libscpi/src/expression.c ****         SCPI_ErrorPush(context, SCPI_ERROR_SYSTEM_ERROR);
 725              	 .loc 1 274 0 is_stmt 1
 726 0038 F868     	 ldr r0,[r7,#12]
 727 003a 4949     	 ldr r1,.L62
 728 003c FFF7FEFF 	 bl SCPI_ErrorPush
 275:../Libraries/libscpi/src/expression.c ****         return SCPI_EXPR_ERROR;
 729              	 .loc 1 275 0
 730 0040 0123     	 movs r3,#1
 731 0042 88E0     	 b .L61
 732              	.L46:
 276:../Libraries/libscpi/src/expression.c ****     }
 277:../Libraries/libscpi/src/expression.c **** 
 278:../Libraries/libscpi/src/expression.c ****     if (param->type != SCPI_TOKEN_PROGRAM_EXPRESSION) {
 733              	 .loc 1 278 0
 734 0044 BB68     	 ldr r3,[r7,#8]
 735 0046 1B78     	 ldrb r3,[r3]
 736 0048 102B     	 cmp r3,#16
 737 004a 06D0     	 beq .L48
 279:../Libraries/libscpi/src/expression.c ****         SCPI_ErrorPush(context, SCPI_ERROR_DATA_TYPE_ERROR);
 738              	 .loc 1 279 0
 739 004c F868     	 ldr r0,[r7,#12]
 740 004e 6FF06701 	 mvn r1,#103
 741 0052 FFF7FEFF 	 bl SCPI_ErrorPush
 280:../Libraries/libscpi/src/expression.c ****         return SCPI_EXPR_ERROR;
 742              	 .loc 1 280 0
 743 0056 0123     	 movs r3,#1
 744 0058 7DE0     	 b .L61
 745              	.L48:
 281:../Libraries/libscpi/src/expression.c ****     }
 282:../Libraries/libscpi/src/expression.c **** 
 283:../Libraries/libscpi/src/expression.c ****     lex.buffer = param->ptr + 1;
 746              	 .loc 1 283 0
 747 005a BB68     	 ldr r3,[r7,#8]
 748 005c 5B68     	 ldr r3,[r3,#4]
 749 005e 0133     	 adds r3,r3,#1
 750 0060 FB61     	 str r3,[r7,#28]
 284:../Libraries/libscpi/src/expression.c ****     lex.pos = lex.buffer;
 751              	 .loc 1 284 0
 752 0062 FB69     	 ldr r3,[r7,#28]
 753 0064 3B62     	 str r3,[r7,#32]
 285:../Libraries/libscpi/src/expression.c ****     lex.len = param->len - 2;
 754              	 .loc 1 285 0
 755 0066 BB68     	 ldr r3,[r7,#8]
 756 0068 9B68     	 ldr r3,[r3,#8]
 757 006a 023B     	 subs r3,r3,#2
 758 006c 7B62     	 str r3,[r7,#36]
 286:../Libraries/libscpi/src/expression.c **** 
 287:../Libraries/libscpi/src/expression.c ****     /* detect channel list expression */
 288:../Libraries/libscpi/src/expression.c ****     if (!scpiLex_SpecificCharacter(&lex, &token, '@')) {
 759              	 .loc 1 288 0
 760 006e 07F11C02 	 add r2,r7,#28
 761 0072 07F11003 	 add r3,r7,#16
 762 0076 1046     	 mov r0,r2
 763 0078 1946     	 mov r1,r3
 764 007a 4022     	 movs r2,#64
 765 007c FFF7FEFF 	 bl scpiLex_SpecificCharacter
 766 0080 0346     	 mov r3,r0
 767 0082 002B     	 cmp r3,#0
 768 0084 06D1     	 bne .L49
 289:../Libraries/libscpi/src/expression.c ****         SCPI_ErrorPush(context, SCPI_ERROR_EXPRESSION_PARSING_ERROR);
 769              	 .loc 1 289 0
 770 0086 F868     	 ldr r0,[r7,#12]
 771 0088 6FF0A901 	 mvn r1,#169
 772 008c FFF7FEFF 	 bl SCPI_ErrorPush
 290:../Libraries/libscpi/src/expression.c ****         return SCPI_EXPR_ERROR;
 773              	 .loc 1 290 0
 774 0090 0123     	 movs r3,#1
 775 0092 60E0     	 b .L61
 776              	.L49:
 291:../Libraries/libscpi/src/expression.c ****     }
 292:../Libraries/libscpi/src/expression.c **** 
 293:../Libraries/libscpi/src/expression.c ****     for (i = 0; i <= index; i++) {
 777              	 .loc 1 293 0
 778 0094 0023     	 movs r3,#0
 779 0096 FB62     	 str r3,[r7,#44]
 780 0098 3AE0     	 b .L50
 781              	.L58:
 294:../Libraries/libscpi/src/expression.c ****         res = channelRange(context, &lex, isRange, valuesFrom, valuesTo, (i == index) ? length : 0,
 782              	 .loc 1 294 0
 783 009a FA6A     	 ldr r2,[r7,#44]
 784 009c 7B68     	 ldr r3,[r7,#4]
 785 009e 9A42     	 cmp r2,r3
 786 00a0 01D1     	 bne .L51
 787              	 .loc 1 294 0 is_stmt 0 discriminator 1
 788 00a2 3B6C     	 ldr r3,[r7,#64]
 789 00a4 00E0     	 b .L52
 790              	.L51:
 791              	 .loc 1 294 0 discriminator 2
 792 00a6 0023     	 movs r3,#0
 793              	.L52:
 794              	 .loc 1 294 0 discriminator 4
 795 00a8 07F11C01 	 add r1,r7,#28
 796 00ac FA6B     	 ldr r2,[r7,#60]
 797 00ae 0092     	 str r2,[sp]
 798 00b0 0193     	 str r3,[sp,#4]
 799 00b2 7B6C     	 ldr r3,[r7,#68]
 800 00b4 0293     	 str r3,[sp,#8]
 801 00b6 F868     	 ldr r0,[r7,#12]
 802 00b8 3A68     	 ldr r2,[r7]
 803 00ba BB6B     	 ldr r3,[r7,#56]
 804 00bc FFF7FEFF 	 bl channelRange
 805 00c0 0346     	 mov r3,r0
 806 00c2 87F82B30 	 strb r3,[r7,#43]
 295:../Libraries/libscpi/src/expression.c ****         if (res != SCPI_EXPR_OK) {
 807              	 .loc 1 295 0 is_stmt 1 discriminator 4
 808 00c6 97F82B30 	 ldrb r3,[r7,#43]
 809 00ca 002B     	 cmp r3,#0
 810 00cc 00D0     	 beq .L53
 296:../Libraries/libscpi/src/expression.c ****             break;
 811              	 .loc 1 296 0
 812 00ce 23E0     	 b .L54
 813              	.L53:
 297:../Libraries/libscpi/src/expression.c ****         }
 298:../Libraries/libscpi/src/expression.c ****         if (i != index) {
 814              	 .loc 1 298 0
 815 00d0 FA6A     	 ldr r2,[r7,#44]
 816 00d2 7B68     	 ldr r3,[r7,#4]
 817 00d4 9A42     	 cmp r2,r3
 818 00d6 18D0     	 beq .L55
 299:../Libraries/libscpi/src/expression.c ****             if (!scpiLex_Comma(&lex, &token)) {
 819              	 .loc 1 299 0
 820 00d8 07F11C02 	 add r2,r7,#28
 821 00dc 07F11003 	 add r3,r7,#16
 822 00e0 1046     	 mov r0,r2
 823 00e2 1946     	 mov r1,r3
 824 00e4 FFF7FEFF 	 bl scpiLex_Comma
 825 00e8 0346     	 mov r3,r0
 826 00ea 002B     	 cmp r3,#0
 827 00ec 0DD1     	 bne .L55
 300:../Libraries/libscpi/src/expression.c ****                 res = scpiLex_IsEos(&lex) ? SCPI_EXPR_NO_MORE : SCPI_EXPR_ERROR;
 828              	 .loc 1 300 0
 829 00ee 07F11C03 	 add r3,r7,#28
 830 00f2 1846     	 mov r0,r3
 831 00f4 FFF7FEFF 	 bl scpiLex_IsEos
 832 00f8 0346     	 mov r3,r0
 833 00fa 002B     	 cmp r3,#0
 834 00fc 01D0     	 beq .L56
 835              	 .loc 1 300 0 is_stmt 0 discriminator 1
 836 00fe 0223     	 movs r3,#2
 837 0100 00E0     	 b .L57
 838              	.L56:
 839              	 .loc 1 300 0 discriminator 2
 840 0102 0123     	 movs r3,#1
 841              	.L57:
 842              	 .loc 1 300 0 discriminator 4
 843 0104 87F82B30 	 strb r3,[r7,#43]
 301:../Libraries/libscpi/src/expression.c ****                 break;
 844              	 .loc 1 301 0 is_stmt 1 discriminator 4
 845 0108 06E0     	 b .L54
 846              	.L55:
 293:../Libraries/libscpi/src/expression.c ****         res = channelRange(context, &lex, isRange, valuesFrom, valuesTo, (i == index) ? length : 0,
 847              	 .loc 1 293 0 discriminator 2
 848 010a FB6A     	 ldr r3,[r7,#44]
 849 010c 0133     	 adds r3,r3,#1
 850 010e FB62     	 str r3,[r7,#44]
 851              	.L50:
 293:../Libraries/libscpi/src/expression.c ****         res = channelRange(context, &lex, isRange, valuesFrom, valuesTo, (i == index) ? length : 0,
 852              	 .loc 1 293 0 is_stmt 0 discriminator 1
 853 0110 FA6A     	 ldr r2,[r7,#44]
 854 0112 7B68     	 ldr r3,[r7,#4]
 855 0114 9A42     	 cmp r2,r3
 856 0116 C0DD     	 ble .L58
 857              	.L54:
 302:../Libraries/libscpi/src/expression.c ****             }
 303:../Libraries/libscpi/src/expression.c ****         }
 304:../Libraries/libscpi/src/expression.c ****     }
 305:../Libraries/libscpi/src/expression.c **** 
 306:../Libraries/libscpi/src/expression.c ****     if (res == SCPI_EXPR_ERROR) {
 858              	 .loc 1 306 0 is_stmt 1
 859 0118 97F82B30 	 ldrb r3,[r7,#43]
 860 011c 012B     	 cmp r3,#1
 861 011e 04D1     	 bne .L59
 307:../Libraries/libscpi/src/expression.c ****         SCPI_ErrorPush(context, SCPI_ERROR_EXPRESSION_PARSING_ERROR);
 862              	 .loc 1 307 0
 863 0120 F868     	 ldr r0,[r7,#12]
 864 0122 6FF0A901 	 mvn r1,#169
 865 0126 FFF7FEFF 	 bl SCPI_ErrorPush
 866              	.L59:
 308:../Libraries/libscpi/src/expression.c ****     }
 309:../Libraries/libscpi/src/expression.c ****     if (res == SCPI_EXPR_NO_MORE) {
 867              	 .loc 1 309 0
 868 012a 97F82B30 	 ldrb r3,[r7,#43]
 869 012e 022B     	 cmp r3,#2
 870 0130 0FD1     	 bne .L60
 310:../Libraries/libscpi/src/expression.c ****         if (!scpiLex_IsEos(&lex)) {
 871              	 .loc 1 310 0
 872 0132 07F11C03 	 add r3,r7,#28
 873 0136 1846     	 mov r0,r3
 874 0138 FFF7FEFF 	 bl scpiLex_IsEos
 875 013c 0346     	 mov r3,r0
 876 013e 002B     	 cmp r3,#0
 877 0140 07D1     	 bne .L60
 311:../Libraries/libscpi/src/expression.c ****             res = SCPI_EXPR_ERROR;
 878              	 .loc 1 311 0
 879 0142 0123     	 movs r3,#1
 880 0144 87F82B30 	 strb r3,[r7,#43]
 312:../Libraries/libscpi/src/expression.c ****             SCPI_ErrorPush(context, SCPI_ERROR_EXPRESSION_PARSING_ERROR);
 881              	 .loc 1 312 0
 882 0148 F868     	 ldr r0,[r7,#12]
 883 014a 6FF0A901 	 mvn r1,#169
 884 014e FFF7FEFF 	 bl SCPI_ErrorPush
 885              	.L60:
 313:../Libraries/libscpi/src/expression.c ****         }
 314:../Libraries/libscpi/src/expression.c ****     }
 315:../Libraries/libscpi/src/expression.c ****     return res;
 886              	 .loc 1 315 0
 887 0152 97F82B30 	 ldrb r3,[r7,#43]
 888              	.L61:
 316:../Libraries/libscpi/src/expression.c **** }
 889              	 .loc 1 316 0 discriminator 1
 890 0156 1846     	 mov r0,r3
 891 0158 3037     	 adds r7,r7,#48
 892              	.LCFI33:
 893              	 .cfi_def_cfa_offset 8
 894 015a BD46     	 mov sp,r7
 895              	.LCFI34:
 896              	 .cfi_def_cfa_register 13
 897              	 
 898 015c 80BD     	 pop {r7,pc}
 899              	.L63:
 900 015e 00BF     	 .align 2
 901              	.L62:
 902 0160 CAFEFFFF 	 .word -310
 903              	 .cfi_endproc
 904              	.LFE6:
 906              	 .text
 907              	.Letext0:
 908              	 .file 2 "c:\\infineon\\tools\\dave ide\\4.5.0.202105191637\\eclipse\\arm-gcc-49\\lib\\gcc\\arm-none-eabi\\4.9.3\\include\\stddef.h"
 909              	 .file 3 "c:\\infineon\\tools\\dave ide\\4.5.0.202105191637\\eclipse\\arm-gcc-49\\arm-none-eabi\\include\\machine\\_default_types.h"
 910              	 .file 4 "c:\\infineon\\tools\\dave ide\\4.5.0.202105191637\\eclipse\\arm-gcc-49\\arm-none-eabi\\include\\stdint.h"
 911              	 .file 5 "C:/Infineon/Tools/DAVE IDE/4.5.0.202105191637/eclipse/workspace/ScpiRelax/Libraries/libscpi/inc/scpi/types.h"
 912              	 .file 6 "C:/Infineon/Tools/DAVE IDE/4.5.0.202105191637/eclipse/workspace/ScpiRelax/Libraries/libscpi/inc/scpi/expression.h"
 913              	 .file 7 "C:/Infineon/Tools/DAVE IDE/4.5.0.202105191637/eclipse/workspace/ScpiRelax/Libraries/libscpi/inc/scpi/error.h"
DEFINED SYMBOLS
                            *ABS*:00000000 expression.c
    {standard input}:20     .text.numericRange:00000000 $t
    {standard input}:24     .text.numericRange:00000000 numericRange
    {standard input}:104    .text.SCPI_ExprNumericListEntry:00000000 $t
    {standard input}:109    .text.SCPI_ExprNumericListEntry:00000000 SCPI_ExprNumericListEntry
    {standard input}:273    .text.SCPI_ExprNumericListEntry:000000ec $d
    {standard input}:278    .text.SCPI_ExprNumericListEntryInt:00000000 $t
    {standard input}:283    .text.SCPI_ExprNumericListEntryInt:00000000 SCPI_ExprNumericListEntryInt
    {standard input}:362    .text.SCPI_ExprNumericListEntryDouble:00000000 $t
    {standard input}:367    .text.SCPI_ExprNumericListEntryDouble:00000000 SCPI_ExprNumericListEntryDouble
    {standard input}:446    .text.channelSpec:00000000 $t
    {standard input}:450    .text.channelSpec:00000000 channelSpec
    {standard input}:550    .text.channelRange:00000000 $t
    {standard input}:554    .text.channelRange:00000000 channelRange
    {standard input}:671    .text.SCPI_ExprChannelListEntry:00000000 $t
    {standard input}:676    .text.SCPI_ExprChannelListEntry:00000000 SCPI_ExprChannelListEntry
    {standard input}:902    .text.SCPI_ExprChannelListEntry:00000160 $d
                     .debug_frame:00000010 $d

UNDEFINED SYMBOLS
scpiLex_DecimalNumericProgramData
scpiLex_Colon
SCPI_ErrorPush
scpiLex_Comma
scpiLex_IsEos
SCPI_ParamToInt32
SCPI_ParamToDouble
scpiLex_SpecificCharacter
