   1              	 .syntax unified
   2              	 .cpu cortex-m4
   3              	 .eabi_attribute 27,3
   4              	 .fpu fpv4-sp-d16
   5              	 .eabi_attribute 20,1
   6              	 .eabi_attribute 21,1
   7              	 .eabi_attribute 23,3
   8              	 .eabi_attribute 24,1
   9              	 .eabi_attribute 25,1
  10              	 .eabi_attribute 26,1
  11              	 .eabi_attribute 30,6
  12              	 .eabi_attribute 34,1
  13              	 .eabi_attribute 18,4
  14              	 .thumb
  15              	 .file "units.c"
  16              	 .text
  17              	.Ltext0:
  18              	 .cfi_sections .debug_frame
  19              	 .global scpi_units_def
  20              	 .section .rodata
  21              	 .align 2
  22              	.LC0:
  23 0000 504600   	 .ascii "PF\000"
  24 0003 00       	 .align 2
  25              	.LC1:
  26 0004 4E4600   	 .ascii "NF\000"
  27 0007 00       	 .align 2
  28              	.LC2:
  29 0008 554600   	 .ascii "UF\000"
  30 000b 00       	 .align 2
  31              	.LC3:
  32 000c 4D4600   	 .ascii "MF\000"
  33 000f 00       	 .align 2
  34              	.LC4:
  35 0010 4600     	 .ascii "F\000"
  36 0012 0000     	 .align 2
  37              	.LC5:
  38 0014 554100   	 .ascii "UA\000"
  39 0017 00       	 .align 2
  40              	.LC6:
  41 0018 4D4100   	 .ascii "MA\000"
  42 001b 00       	 .align 2
  43              	.LC7:
  44 001c 4100     	 .ascii "A\000"
  45 001e 0000     	 .align 2
  46              	.LC8:
  47 0020 4B4100   	 .ascii "KA\000"
  48 0023 00       	 .align 2
  49              	.LC9:
  50 0024 555600   	 .ascii "UV\000"
  51 0027 00       	 .align 2
  52              	.LC10:
  53 0028 4D5600   	 .ascii "MV\000"
  54 002b 00       	 .align 2
  55              	.LC11:
  56 002c 5600     	 .ascii "V\000"
  57 002e 0000     	 .align 2
  58              	.LC12:
  59 0030 4B5600   	 .ascii "KV\000"
  60 0033 00       	 .align 2
  61              	.LC13:
  62 0034 4F484D00 	 .ascii "OHM\000"
  63              	 .align 2
  64              	.LC14:
  65 0038 4B4F484D 	 .ascii "KOHM\000"
  65      00
  66 003d 000000   	 .align 2
  67              	.LC15:
  68 0040 4D4F484D 	 .ascii "MOHM\000"
  68      00
  69 0045 000000   	 .align 2
  70              	.LC16:
  71 0048 554800   	 .ascii "UH\000"
  72 004b 00       	 .align 2
  73              	.LC17:
  74 004c 4D4800   	 .ascii "MH\000"
  75 004f 00       	 .align 2
  76              	.LC18:
  77 0050 4800     	 .ascii "H\000"
  78 0052 0000     	 .align 2
  79              	.LC19:
  80 0054 485A00   	 .ascii "HZ\000"
  81 0057 00       	 .align 2
  82              	.LC20:
  83 0058 4B485A00 	 .ascii "KHZ\000"
  84              	 .align 2
  85              	.LC21:
  86 005c 4D485A00 	 .ascii "MHZ\000"
  87              	 .align 2
  88              	.LC22:
  89 0060 47485A00 	 .ascii "GHZ\000"
  90              	 .align 2
  91              	.LC23:
  92 0064 5700     	 .ascii "W\000"
  93 0066 0000     	 .align 2
  94              	.LC24:
  95 0068 44424D00 	 .ascii "DBM\000"
  96              	 .align 2
  97              	.LC25:
  98 006c 44424D57 	 .ascii "DBMW\000"
  98      00
  99              	 .section .rodata.scpi_units_def,"a",%progbits
 100              	 .align 3
 103              	scpi_units_def:
 104 0000 00000000 	 .word .LC0
 105 0004 11       	 .byte 17
 106 0005 000000   	 .space 3
 107 0008 11EA2D81 	 .word -2127697391
 108 000c 9997713D 	 .word 1030854553
 109 0010 04000000 	 .word .LC1
 110 0014 11       	 .byte 17
 111 0015 000000   	 .space 3
 112 0018 95D626E8 	 .word -400107883
 113 001c 0B2E113E 	 .word 1041313291
 114 0020 08000000 	 .word .LC2
 115 0024 11       	 .byte 17
 116 0025 000000   	 .space 3
 117 0028 8DEDB5A0 	 .word -1598689907
 118 002c F7C6B03E 	 .word 1051772663
 119 0030 0C000000 	 .word .LC3
 120 0034 11       	 .byte 17
 121 0035 000000   	 .space 3
 122 0038 FCA9F1D2 	 .word -755914244
 123 003c 4D62503F 	 .word 1062232653
 124 0040 10000000 	 .word .LC4
 125 0044 11       	 .byte 17
 126 0045 000000   	 .space 3
 127 0048 00000000 	 .word 0
 128 004c 0000F03F 	 .word 1072693248
 129 0050 14000000 	 .word .LC5
 130 0054 02       	 .byte 2
 131 0055 000000   	 .space 3
 132 0058 8DEDB5A0 	 .word -1598689907
 133 005c F7C6B03E 	 .word 1051772663
 134 0060 18000000 	 .word .LC6
 135 0064 02       	 .byte 2
 136 0065 000000   	 .space 3
 137 0068 FCA9F1D2 	 .word -755914244
 138 006c 4D62503F 	 .word 1062232653
 139 0070 1C000000 	 .word .LC7
 140 0074 02       	 .byte 2
 141 0075 000000   	 .space 3
 142 0078 00000000 	 .word 0
 143 007c 0000F03F 	 .word 1072693248
 144 0080 20000000 	 .word .LC8
 145 0084 02       	 .byte 2
 146 0085 000000   	 .space 3
 147 0088 00000000 	 .word 0
 148 008c 00408F40 	 .word 1083129856
 149 0090 24000000 	 .word .LC9
 150 0094 01       	 .byte 1
 151 0095 000000   	 .space 3
 152 0098 8DEDB5A0 	 .word -1598689907
 153 009c F7C6B03E 	 .word 1051772663
 154 00a0 28000000 	 .word .LC10
 155 00a4 01       	 .byte 1
 156 00a5 000000   	 .space 3
 157 00a8 FCA9F1D2 	 .word -755914244
 158 00ac 4D62503F 	 .word 1062232653
 159 00b0 2C000000 	 .word .LC11
 160 00b4 01       	 .byte 1
 161 00b5 000000   	 .space 3
 162 00b8 00000000 	 .word 0
 163 00bc 0000F03F 	 .word 1072693248
 164 00c0 30000000 	 .word .LC12
 165 00c4 01       	 .byte 1
 166 00c5 000000   	 .space 3
 167 00c8 00000000 	 .word 0
 168 00cc 00408F40 	 .word 1083129856
 169 00d0 34000000 	 .word .LC13
 170 00d4 03       	 .byte 3
 171 00d5 000000   	 .space 3
 172 00d8 00000000 	 .word 0
 173 00dc 0000F03F 	 .word 1072693248
 174 00e0 38000000 	 .word .LC14
 175 00e4 03       	 .byte 3
 176 00e5 000000   	 .space 3
 177 00e8 00000000 	 .word 0
 178 00ec 00408F40 	 .word 1083129856
 179 00f0 40000000 	 .word .LC15
 180 00f4 03       	 .byte 3
 181 00f5 000000   	 .space 3
 182 00f8 00000000 	 .word 0
 183 00fc 80842E41 	 .word 1093567616
 184 0100 48000000 	 .word .LC16
 185 0104 18       	 .byte 24
 186 0105 000000   	 .space 3
 187 0108 8DEDB5A0 	 .word -1598689907
 188 010c F7C6B03E 	 .word 1051772663
 189 0110 4C000000 	 .word .LC17
 190 0114 18       	 .byte 24
 191 0115 000000   	 .space 3
 192 0118 FCA9F1D2 	 .word -755914244
 193 011c 4D62503F 	 .word 1062232653
 194 0120 50000000 	 .word .LC18
 195 0124 18       	 .byte 24
 196 0125 000000   	 .space 3
 197 0128 00000000 	 .word 0
 198 012c 0000F03F 	 .word 1072693248
 199 0130 54000000 	 .word .LC19
 200 0134 04       	 .byte 4
 201 0135 000000   	 .space 3
 202 0138 00000000 	 .word 0
 203 013c 0000F03F 	 .word 1072693248
 204 0140 58000000 	 .word .LC20
 205 0144 04       	 .byte 4
 206 0145 000000   	 .space 3
 207 0148 00000000 	 .word 0
 208 014c 00408F40 	 .word 1083129856
 209 0150 5C000000 	 .word .LC21
 210 0154 04       	 .byte 4
 211 0155 000000   	 .space 3
 212 0158 00000000 	 .word 0
 213 015c 80842E41 	 .word 1093567616
 214 0160 60000000 	 .word .LC22
 215 0164 04       	 .byte 4
 216 0165 000000   	 .space 3
 217 0168 00000000 	 .word 0
 218 016c 65CDCD41 	 .word 1104006501
 219 0170 64000000 	 .word .LC23
 220 0174 25       	 .byte 37
 221 0175 000000   	 .space 3
 222 0178 00000000 	 .word 0
 223 017c 0000F03F 	 .word 1072693248
 224 0180 68000000 	 .word .LC24
 225 0184 26       	 .byte 38
 226 0185 000000   	 .space 3
 227 0188 00000000 	 .word 0
 228 018c 0000F03F 	 .word 1072693248
 229 0190 6C000000 	 .word .LC25
 230 0194 26       	 .byte 38
 231 0195 000000   	 .space 3
 232 0198 00000000 	 .word 0
 233 019c 0000F03F 	 .word 1072693248
 234 01a0 00000000 	 .word 0
 235 01a4 00       	 .byte 0
 236 01a5 000000   	 .space 3
 237 01a8 00000000 	 .word 0
 238 01ac 00000000 	 .word 0
 239              	 .global scpi_special_numbers_def
 240              	 .section .rodata
 241 0071 000000   	 .align 2
 242              	.LC26:
 243 0074 4D494E69 	 .ascii "MINimum\000"
 243      6D756D00 
 244              	 .align 2
 245              	.LC27:
 246 007c 4D415869 	 .ascii "MAXimum\000"
 246      6D756D00 
 247              	 .align 2
 248              	.LC28:
 249 0084 44454661 	 .ascii "DEFault\000"
 249      756C7400 
 250              	 .align 2
 251              	.LC29:
 252 008c 555000   	 .ascii "UP\000"
 253 008f 00       	 .align 2
 254              	.LC30:
 255 0090 444F574E 	 .ascii "DOWN\000"
 255      00
 256 0095 000000   	 .align 2
 257              	.LC31:
 258 0098 4E414E00 	 .ascii "NAN\000"
 259              	 .align 2
 260              	.LC32:
 261 009c 494E4669 	 .ascii "INFinity\000"
 261      6E697479 
 261      00
 262 00a5 000000   	 .align 2
 263              	.LC33:
 264 00a8 4E494E46 	 .ascii "NINF\000"
 264      00
 265 00ad 000000   	 .align 2
 266              	.LC34:
 267 00b0 4155544F 	 .ascii "AUTO\000"
 267      00
 268              	 .section .rodata.scpi_special_numbers_def,"a",%progbits
 269              	 .align 2
 272              	scpi_special_numbers_def:
 273 0000 74000000 	 .word .LC26
 274 0004 01000000 	 .word 1
 275 0008 7C000000 	 .word .LC27
 276 000c 02000000 	 .word 2
 277 0010 84000000 	 .word .LC28
 278 0014 03000000 	 .word 3
 279 0018 8C000000 	 .word .LC29
 280 001c 04000000 	 .word 4
 281 0020 90000000 	 .word .LC30
 282 0024 05000000 	 .word 5
 283 0028 98000000 	 .word .LC31
 284 002c 06000000 	 .word 6
 285 0030 9C000000 	 .word .LC32
 286 0034 07000000 	 .word 7
 287 0038 A8000000 	 .word .LC33
 288 003c 08000000 	 .word 8
 289 0040 B0000000 	 .word .LC34
 290 0044 09000000 	 .word 9
 291 0048 00000000 	 .word 0
 292 004c FFFFFFFF 	 .word -1
 293              	 .section .text.translateUnit,"ax",%progbits
 294              	 .align 2
 295              	 .thumb
 296              	 .thumb_func
 298              	translateUnit:
 299              	.LFB0:
 300              	 .file 1 "../Libraries/libscpi/src/units.c"
   1:../Libraries/libscpi/src/units.c **** /*-
   2:../Libraries/libscpi/src/units.c ****  * BSD 2-Clause License
   3:../Libraries/libscpi/src/units.c ****  *
   4:../Libraries/libscpi/src/units.c ****  * Copyright (c) 2012-2018, Jan Breuer
   5:../Libraries/libscpi/src/units.c ****  * All rights reserved.
   6:../Libraries/libscpi/src/units.c ****  *
   7:../Libraries/libscpi/src/units.c ****  * Redistribution and use in source and binary forms, with or without
   8:../Libraries/libscpi/src/units.c ****  * modification, are permitted provided that the following conditions are met:
   9:../Libraries/libscpi/src/units.c ****  *
  10:../Libraries/libscpi/src/units.c ****  * * Redistributions of source code must retain the above copyright notice, this
  11:../Libraries/libscpi/src/units.c ****  *   list of conditions and the following disclaimer.
  12:../Libraries/libscpi/src/units.c ****  *
  13:../Libraries/libscpi/src/units.c ****  * * Redistributions in binary form must reproduce the above copyright notice,
  14:../Libraries/libscpi/src/units.c ****  *   this list of conditions and the following disclaimer in the documentation
  15:../Libraries/libscpi/src/units.c ****  *   and/or other materials provided with the distribution.
  16:../Libraries/libscpi/src/units.c ****  *
  17:../Libraries/libscpi/src/units.c ****  * THIS SOFTWARE IS PROVIDED BY THE COPYRIGHT HOLDERS AND CONTRIBUTORS "AS IS"
  18:../Libraries/libscpi/src/units.c ****  * AND ANY EXPRESS OR IMPLIED WARRANTIES, INCLUDING, BUT NOT LIMITED TO, THE
  19:../Libraries/libscpi/src/units.c ****  * IMPLIED WARRANTIES OF MERCHANTABILITY AND FITNESS FOR A PARTICULAR PURPOSE ARE
  20:../Libraries/libscpi/src/units.c ****  * DISCLAIMED. IN NO EVENT SHALL THE COPYRIGHT HOLDER OR CONTRIBUTORS BE LIABLE
  21:../Libraries/libscpi/src/units.c ****  * FOR ANY DIRECT, INDIRECT, INCIDENTAL, SPECIAL, EXEMPLARY, OR CONSEQUENTIAL
  22:../Libraries/libscpi/src/units.c ****  * DAMAGES (INCLUDING, BUT NOT LIMITED TO, PROCUREMENT OF SUBSTITUTE GOODS OR
  23:../Libraries/libscpi/src/units.c ****  * SERVICES; LOSS OF USE, DATA, OR PROFITS; OR BUSINESS INTERRUPTION) HOWEVER
  24:../Libraries/libscpi/src/units.c ****  * CAUSED AND ON ANY THEORY OF LIABILITY, WHETHER IN CONTRACT, STRICT LIABILITY,
  25:../Libraries/libscpi/src/units.c ****  * OR TORT (INCLUDING NEGLIGENCE OR OTHERWISE) ARISING IN ANY WAY OUT OF THE USE
  26:../Libraries/libscpi/src/units.c ****  * OF THIS SOFTWARE, EVEN IF ADVISED OF THE POSSIBILITY OF SUCH DAMAGE.
  27:../Libraries/libscpi/src/units.c ****  */
  28:../Libraries/libscpi/src/units.c **** 
  29:../Libraries/libscpi/src/units.c **** /**
  30:../Libraries/libscpi/src/units.c ****  * @file   scpi_units.c
  31:../Libraries/libscpi/src/units.c ****  * @date   Thu Nov 15 10:58:45 UTC 2012
  32:../Libraries/libscpi/src/units.c ****  *
  33:../Libraries/libscpi/src/units.c ****  * @brief  SCPI units
  34:../Libraries/libscpi/src/units.c ****  *
  35:../Libraries/libscpi/src/units.c ****  *
  36:../Libraries/libscpi/src/units.c ****  */
  37:../Libraries/libscpi/src/units.c **** 
  38:../Libraries/libscpi/src/units.c **** #include <string.h>
  39:../Libraries/libscpi/src/units.c **** #include "scpi/parser.h"
  40:../Libraries/libscpi/src/units.c **** #include "scpi/units.h"
  41:../Libraries/libscpi/src/units.c **** #include "utils_private.h"
  42:../Libraries/libscpi/src/units.c **** #include "scpi/utils.h"
  43:../Libraries/libscpi/src/units.c **** #include "scpi/error.h"
  44:../Libraries/libscpi/src/units.c **** #include "lexer_private.h"
  45:../Libraries/libscpi/src/units.c **** 
  46:../Libraries/libscpi/src/units.c **** 
  47:../Libraries/libscpi/src/units.c **** /*
  48:../Libraries/libscpi/src/units.c ****  * multipliers IEEE 488.2-1992 tab 7-2
  49:../Libraries/libscpi/src/units.c ****  * 1E18         EX
  50:../Libraries/libscpi/src/units.c ****  * 1E15         PE
  51:../Libraries/libscpi/src/units.c ****  * 1E12         T
  52:../Libraries/libscpi/src/units.c ****  * 1E9          G
  53:../Libraries/libscpi/src/units.c ****  * 1E6          MA (use M for OHM and HZ)
  54:../Libraries/libscpi/src/units.c ****  * 1E3          K
  55:../Libraries/libscpi/src/units.c ****  * 1E-3         M (disaalowed for OHM and HZ)
  56:../Libraries/libscpi/src/units.c ****  * 1E-6         U
  57:../Libraries/libscpi/src/units.c ****  * 1E-9         N
  58:../Libraries/libscpi/src/units.c ****  * 1E-12        P
  59:../Libraries/libscpi/src/units.c ****  * 1E-15        F
  60:../Libraries/libscpi/src/units.c ****  * 1E-18        A
  61:../Libraries/libscpi/src/units.c ****  */
  62:../Libraries/libscpi/src/units.c **** 
  63:../Libraries/libscpi/src/units.c **** /*
  64:../Libraries/libscpi/src/units.c ****  * units definition IEEE 488.2-1992 tab 7-1
  65:../Libraries/libscpi/src/units.c ****  */
  66:../Libraries/libscpi/src/units.c **** const scpi_unit_def_t scpi_units_def[] = {
  67:../Libraries/libscpi/src/units.c **** #if USE_UNITS_PARTICLES
  68:../Libraries/libscpi/src/units.c ****     /* Absorbet dose */
  69:../Libraries/libscpi/src/units.c ****     {/* name */ "GY", /* unit */ SCPI_UNIT_GRAY, /* mult */ 1},
  70:../Libraries/libscpi/src/units.c **** 
  71:../Libraries/libscpi/src/units.c ****     /* Activity of radionuclide */
  72:../Libraries/libscpi/src/units.c ****     {/* name */ "BQ", /* unit */ SCPI_UNIT_BECQUEREL, /* mult */ 1},
  73:../Libraries/libscpi/src/units.c **** 
  74:../Libraries/libscpi/src/units.c ****     /* Amount of substance */
  75:../Libraries/libscpi/src/units.c ****     {/* name */ "MOL", /* unit */ SCPI_UNIT_MOLE, /* mult */ 1},
  76:../Libraries/libscpi/src/units.c **** 
  77:../Libraries/libscpi/src/units.c ****     /* Dose equivalent */
  78:../Libraries/libscpi/src/units.c ****     {/* name */ "NSV", /* unit */ SCPI_UNIT_SIEVERT, /* mult */ 1e-9},
  79:../Libraries/libscpi/src/units.c ****     {/* name */ "USV", /* unit */ SCPI_UNIT_SIEVERT, /* mult */ 1e-6},
  80:../Libraries/libscpi/src/units.c ****     {/* name */ "MSV", /* unit */ SCPI_UNIT_SIEVERT, /* mult */ 1e-3},
  81:../Libraries/libscpi/src/units.c ****     {/* name */ "SV", /* unit */ SCPI_UNIT_SIEVERT, /* mult */ 1},
  82:../Libraries/libscpi/src/units.c ****     {/* name */ "KSV", /* unit */ SCPI_UNIT_SIEVERT, /* mult */ 1e3},
  83:../Libraries/libscpi/src/units.c ****     {/* name */ "MASV", /* unit */ SCPI_UNIT_SIEVERT, /* mult */ 1e6},
  84:../Libraries/libscpi/src/units.c **** 
  85:../Libraries/libscpi/src/units.c ****     /* Energy */
  86:../Libraries/libscpi/src/units.c ****     {/* name */ "EV", /* unit */ SCPI_UNIT_ELECTRONVOLT, /* mult */ 1},
  87:../Libraries/libscpi/src/units.c ****     {/* name */ "KEV", /* unit */ SCPI_UNIT_ELECTRONVOLT, /* mult */ 1e3},
  88:../Libraries/libscpi/src/units.c ****     {/* name */ "MAEV", /* unit */ SCPI_UNIT_ELECTRONVOLT, /* mult */ 1e6},
  89:../Libraries/libscpi/src/units.c ****     {/* name */ "GEV", /* unit */ SCPI_UNIT_ELECTRONVOLT, /* mult */ 1e9},
  90:../Libraries/libscpi/src/units.c ****     {/* name */ "TEV", /* unit */ SCPI_UNIT_ELECTRONVOLT, /* mult */ 1e12},
  91:../Libraries/libscpi/src/units.c **** 
  92:../Libraries/libscpi/src/units.c ****     /* Mass */
  93:../Libraries/libscpi/src/units.c ****     {/* name */ "U", /* unit */ SCPI_UNIT_ATOMIC_MASS, /* mult */ 1},
  94:../Libraries/libscpi/src/units.c **** #endif /* USE_UNITS_PARTICLES */
  95:../Libraries/libscpi/src/units.c **** 
  96:../Libraries/libscpi/src/units.c **** #if USE_UNITS_ANGLE
  97:../Libraries/libscpi/src/units.c ****     /* Angle */
  98:../Libraries/libscpi/src/units.c ****     {/* name */ "DEG", /* unit */ SCPI_UNIT_DEGREE, /* mult */ 1},
  99:../Libraries/libscpi/src/units.c ****     {/* name */ "GON", /* unit */ SCPI_UNIT_GRADE, /* mult */ 1},
 100:../Libraries/libscpi/src/units.c ****     {/* name */ "MNT", /* unit */ SCPI_UNIT_DEGREE, /* mult */ 1. / 60.},
 101:../Libraries/libscpi/src/units.c ****     {/* name */ "RAD", /* unit */ SCPI_UNIT_RADIAN, /* mult */ 1},
 102:../Libraries/libscpi/src/units.c ****     {/* name */ "SEC", /* unit */ SCPI_UNIT_DEGREE, /* mult */ 1. / 3600.},
 103:../Libraries/libscpi/src/units.c ****     {/* name */ "REV", /* unit */ SCPI_UNIT_REVOLUTION, /* mult */ 1},
 104:../Libraries/libscpi/src/units.c ****     {/* name */ "RS", /* unit */ SCPI_UNIT_STERADIAN, /* mult */ 1},
 105:../Libraries/libscpi/src/units.c **** #endif /* USE_UNITS_ANGLE */
 106:../Libraries/libscpi/src/units.c **** 
 107:../Libraries/libscpi/src/units.c **** #if USE_UNITS_ELECTRIC
 108:../Libraries/libscpi/src/units.c ****     /* Electric - capacitance */
 109:../Libraries/libscpi/src/units.c ****     {/* name */ "PF", /* unit */ SCPI_UNIT_FARAD, /* mult */ 1e-12},
 110:../Libraries/libscpi/src/units.c ****     {/* name */ "NF", /* unit */ SCPI_UNIT_FARAD, /* mult */ 1e-9},
 111:../Libraries/libscpi/src/units.c ****     {/* name */ "UF", /* unit */ SCPI_UNIT_FARAD, /* mult */ 1e-6},
 112:../Libraries/libscpi/src/units.c ****     {/* name */ "MF", /* unit */ SCPI_UNIT_FARAD, /* mult */ 1e-3},
 113:../Libraries/libscpi/src/units.c ****     {/* name */ "F", /* unit */ SCPI_UNIT_FARAD, /* mult */ 1},
 114:../Libraries/libscpi/src/units.c **** 
 115:../Libraries/libscpi/src/units.c ****     /* Electric - current */
 116:../Libraries/libscpi/src/units.c ****     {/* name */ "UA", /* unit */ SCPI_UNIT_AMPER, /* mult */ 1e-6},
 117:../Libraries/libscpi/src/units.c ****     {/* name */ "MA", /* unit */ SCPI_UNIT_AMPER, /* mult */ 1e-3},
 118:../Libraries/libscpi/src/units.c ****     {/* name */ "A", /* unit */ SCPI_UNIT_AMPER, /* mult */ 1},
 119:../Libraries/libscpi/src/units.c ****     {/* name */ "KA", /* unit */ SCPI_UNIT_AMPER, /* mult */ 1e3},
 120:../Libraries/libscpi/src/units.c **** 
 121:../Libraries/libscpi/src/units.c ****     /* Electric - potential */
 122:../Libraries/libscpi/src/units.c ****     {/* name */ "UV", /* unit */ SCPI_UNIT_VOLT, /* mult */ 1e-6},
 123:../Libraries/libscpi/src/units.c ****     {/* name */ "MV", /* unit */ SCPI_UNIT_VOLT, /* mult */ 1e-3},
 124:../Libraries/libscpi/src/units.c ****     {/* name */ "V", /* unit */ SCPI_UNIT_VOLT, /* mult */ 1},
 125:../Libraries/libscpi/src/units.c ****     {/* name */ "KV", /* unit */ SCPI_UNIT_VOLT, /* mult */ 1e3},
 126:../Libraries/libscpi/src/units.c **** 
 127:../Libraries/libscpi/src/units.c ****     /* Electric - resistance */
 128:../Libraries/libscpi/src/units.c ****     {/* name */ "OHM", /* unit */ SCPI_UNIT_OHM, /* mult */ 1},
 129:../Libraries/libscpi/src/units.c ****     {/* name */ "KOHM", /* unit */ SCPI_UNIT_OHM, /* mult */ 1e3},
 130:../Libraries/libscpi/src/units.c ****     {/* name */ "MOHM", /* unit */ SCPI_UNIT_OHM, /* mult */ 1e6},
 131:../Libraries/libscpi/src/units.c **** 
 132:../Libraries/libscpi/src/units.c ****     /* Inductance */
 133:../Libraries/libscpi/src/units.c ****     {/* name */ "UH", /* unit */ SCPI_UNIT_HENRY, /* mult */ 1e-6},
 134:../Libraries/libscpi/src/units.c ****     {/* name */ "MH", /* unit */ SCPI_UNIT_HENRY, /* mult */ 1e-3},
 135:../Libraries/libscpi/src/units.c ****     {/* name */ "H", /* unit */ SCPI_UNIT_HENRY, /* mult */ 1},
 136:../Libraries/libscpi/src/units.c **** #endif /* USE_UNITS_ELECTRIC */
 137:../Libraries/libscpi/src/units.c **** 
 138:../Libraries/libscpi/src/units.c **** #if USE_UNITS_ELECTRIC_CHARGE_CONDUCTANCE
 139:../Libraries/libscpi/src/units.c ****     /* Electric - charge */
 140:../Libraries/libscpi/src/units.c ****     {/* name */ "C", /* unit */ SCPI_UNIT_COULOMB, /* mult */ 1},
 141:../Libraries/libscpi/src/units.c **** 
 142:../Libraries/libscpi/src/units.c ****     /* Electric - conductance */
 143:../Libraries/libscpi/src/units.c ****     {/* name */ "USIE", /* unit */ SCPI_UNIT_SIEMENS, /* mult */ 1e-6},
 144:../Libraries/libscpi/src/units.c ****     {/* name */ "MSIE", /* unit */ SCPI_UNIT_SIEMENS, /* mult */ 1e-3},
 145:../Libraries/libscpi/src/units.c ****     {/* name */ "SIE", /* unit */ SCPI_UNIT_SIEMENS, /* mult */ 1},
 146:../Libraries/libscpi/src/units.c **** #endif /* USE_UNITS_ELECTRIC_CHARGE_CONDUCTANCE */
 147:../Libraries/libscpi/src/units.c **** 
 148:../Libraries/libscpi/src/units.c **** #if USE_UNITS_ENERGY_FORCE_MASS
 149:../Libraries/libscpi/src/units.c ****     /* Energy */
 150:../Libraries/libscpi/src/units.c ****     {/* name */ "J", /* unit */ SCPI_UNIT_JOULE, /* mult */ 1},
 151:../Libraries/libscpi/src/units.c ****     {/* name */ "KJ", /* unit */ SCPI_UNIT_JOULE, /* mult */ 1e3},
 152:../Libraries/libscpi/src/units.c ****     {/* name */ "MAJ", /* unit */ SCPI_UNIT_JOULE, /* mult */ 1e6},
 153:../Libraries/libscpi/src/units.c **** 
 154:../Libraries/libscpi/src/units.c ****     /* Force */
 155:../Libraries/libscpi/src/units.c ****     {/* name */ "N", /* unit */ SCPI_UNIT_NEWTON, /* mult */ 1},
 156:../Libraries/libscpi/src/units.c ****     {/* name */ "KN", /* unit */ SCPI_UNIT_NEWTON, /* mult */ 1e3},
 157:../Libraries/libscpi/src/units.c **** 
 158:../Libraries/libscpi/src/units.c ****     /* Pressure */
 159:../Libraries/libscpi/src/units.c ****     {/* name */ "ATM", /* unit */ SCPI_UNIT_ATMOSPHERE, /* mult */ 1},
 160:../Libraries/libscpi/src/units.c ****     {/* name */ "INHG", /* unit */ SCPI_UNIT_INCH_OF_MERCURY, /* mult */ 1},
 161:../Libraries/libscpi/src/units.c ****     {/* name */ "MMHG", /* unit */ SCPI_UNIT_MM_OF_MERCURY, /* mult */ 1},
 162:../Libraries/libscpi/src/units.c **** 
 163:../Libraries/libscpi/src/units.c ****     {/* name */ "TORR", /* unit */ SCPI_UNIT_TORT, /* mult */ 1},
 164:../Libraries/libscpi/src/units.c ****     {/* name */ "BAR", /* unit */ SCPI_UNIT_BAR, /* mult */ 1},
 165:../Libraries/libscpi/src/units.c **** 
 166:../Libraries/libscpi/src/units.c ****     {/* name */ "PAL", /* unit */ SCPI_UNIT_PASCAL, /* mult */ 1},
 167:../Libraries/libscpi/src/units.c ****     {/* name */ "KPAL", /* unit */ SCPI_UNIT_PASCAL, /* mult */ 1e3},
 168:../Libraries/libscpi/src/units.c ****     {/* name */ "MAPAL", /* unit */ SCPI_UNIT_PASCAL, /* mult */ 1e6},
 169:../Libraries/libscpi/src/units.c **** 
 170:../Libraries/libscpi/src/units.c ****     /* Viscosity kinematic */
 171:../Libraries/libscpi/src/units.c ****     {/* name */ "ST", /* unit */ SCPI_UNIT_STROKES, /* mult */ 1},
 172:../Libraries/libscpi/src/units.c **** 
 173:../Libraries/libscpi/src/units.c ****     /* Viscosity dynamic */
 174:../Libraries/libscpi/src/units.c ****     {/* name */ "P", /* unit */ SCPI_UNIT_POISE, /* mult */ 1},
 175:../Libraries/libscpi/src/units.c **** 
 176:../Libraries/libscpi/src/units.c ****     /* Viscosity dynamic */
 177:../Libraries/libscpi/src/units.c ****     {/* name */ "L", /* unit */ SCPI_UNIT_LITER, /* mult */ 1},
 178:../Libraries/libscpi/src/units.c **** 
 179:../Libraries/libscpi/src/units.c ****     /* Mass */
 180:../Libraries/libscpi/src/units.c ****     {/* name */ "MG", /* unit */ SCPI_UNIT_KILOGRAM, /* mult */ 1e-6},
 181:../Libraries/libscpi/src/units.c ****     {/* name */ "G", /* unit */ SCPI_UNIT_KILOGRAM, /* mult */ 1e-3},
 182:../Libraries/libscpi/src/units.c ****     {/* name */ "KG", /* unit */ SCPI_UNIT_KILOGRAM, /* mult */ 1},
 183:../Libraries/libscpi/src/units.c ****     {/* name */ "TNE", /* unit */ SCPI_UNIT_KILOGRAM, /* mult */ 1000},
 184:../Libraries/libscpi/src/units.c **** #endif /* USE_UNITS_ENERGY_FORCE_MASS */
 185:../Libraries/libscpi/src/units.c **** 
 186:../Libraries/libscpi/src/units.c **** #if USE_UNITS_FREQUENCY
 187:../Libraries/libscpi/src/units.c ****     /* Frequency */
 188:../Libraries/libscpi/src/units.c ****     {/* name */ "HZ", /* unit */ SCPI_UNIT_HERTZ, /* mult */ 1},
 189:../Libraries/libscpi/src/units.c ****     {/* name */ "KHZ", /* unit */ SCPI_UNIT_HERTZ, /* mult */ 1e3},
 190:../Libraries/libscpi/src/units.c ****     {/* name */ "MHZ", /* unit */ SCPI_UNIT_HERTZ, /* mult */ 1e6},
 191:../Libraries/libscpi/src/units.c ****     {/* name */ "GHZ", /* unit */ SCPI_UNIT_HERTZ, /* mult */ 1e9},
 192:../Libraries/libscpi/src/units.c **** #endif /* USE_UNITS_FREQUENCY */
 193:../Libraries/libscpi/src/units.c **** 
 194:../Libraries/libscpi/src/units.c **** #if USE_UNITS_DISTANCE
 195:../Libraries/libscpi/src/units.c ****     /* Length */
 196:../Libraries/libscpi/src/units.c ****     {/* name */ "ASU", /* unit */ SCPI_UNIT_ASTRONOMIC_UNIT, /* mult */ 1},
 197:../Libraries/libscpi/src/units.c ****     {/* name */ "PRS", /* unit */ SCPI_UNIT_PARSEC, /* mult */ 1},
 198:../Libraries/libscpi/src/units.c **** #if USE_UNITS_IMPERIAL
 199:../Libraries/libscpi/src/units.c ****     {/* name */ "IN", /* unit */ SCPI_UNIT_INCH, /* mult */ 1},
 200:../Libraries/libscpi/src/units.c ****     {/* name */ "FT", /* unit */ SCPI_UNIT_FOOT, /* mult */ 1},
 201:../Libraries/libscpi/src/units.c ****     {/* name */ "MI", /* unit */ SCPI_UNIT_MILE, /* mult */ 1},
 202:../Libraries/libscpi/src/units.c ****     {/* name */ "NAMI", /* unit */ SCPI_UNIT_NAUTICAL_MILE, /* mult */ 1},
 203:../Libraries/libscpi/src/units.c **** #endif /* USE_UNITS_IMPERIAL */
 204:../Libraries/libscpi/src/units.c **** 
 205:../Libraries/libscpi/src/units.c ****     {/* name */ "NM", /* unit */ SCPI_UNIT_METER, /* mult */ 1e-9},
 206:../Libraries/libscpi/src/units.c ****     {/* name */ "UM", /* unit */ SCPI_UNIT_METER, /* mult */ 1e-6},
 207:../Libraries/libscpi/src/units.c ****     {/* name */ "MM", /* unit */ SCPI_UNIT_METER, /* mult */ 1e-3},
 208:../Libraries/libscpi/src/units.c ****     {/* name */ "M", /* unit */ SCPI_UNIT_METER, /* mult */ 1},
 209:../Libraries/libscpi/src/units.c ****     {/* name */ "KM", /* unit */ SCPI_UNIT_METER, /* mult */ 1e3},
 210:../Libraries/libscpi/src/units.c **** #endif /* USE_UNITS_DISTANCE */
 211:../Libraries/libscpi/src/units.c **** 
 212:../Libraries/libscpi/src/units.c **** #if USE_UNITS_LIGHT
 213:../Libraries/libscpi/src/units.c ****     /* Illuminance */
 214:../Libraries/libscpi/src/units.c ****     {/* name */ "LX", /* unit */ SCPI_UNIT_LUX, /* mult */ 1},
 215:../Libraries/libscpi/src/units.c **** 
 216:../Libraries/libscpi/src/units.c ****     /* Luminous flux */
 217:../Libraries/libscpi/src/units.c ****     {/* name */ "LM", /* unit */ SCPI_UNIT_LUMEN, /* mult */ 1},
 218:../Libraries/libscpi/src/units.c **** 
 219:../Libraries/libscpi/src/units.c ****     /* Luminous intensity */
 220:../Libraries/libscpi/src/units.c ****     {/* name */ "CD", /* unit */ SCPI_UNIT_CANDELA, /* mult */ 1},
 221:../Libraries/libscpi/src/units.c **** #endif /* USE_UNITS_LIGHT */
 222:../Libraries/libscpi/src/units.c **** 
 223:../Libraries/libscpi/src/units.c **** #if USE_UNITS_MAGNETIC
 224:../Libraries/libscpi/src/units.c ****     /* Magnetic flux */
 225:../Libraries/libscpi/src/units.c ****     {/* name */ "WB", /* unit */ SCPI_UNIT_WEBER, /* mult */ 1},
 226:../Libraries/libscpi/src/units.c **** 
 227:../Libraries/libscpi/src/units.c ****     /* Magnetic induction */
 228:../Libraries/libscpi/src/units.c ****     {/* name */ "NT", /* unit */ SCPI_UNIT_TESLA, /* mult */ 1e-9},
 229:../Libraries/libscpi/src/units.c ****     {/* name */ "UT", /* unit */ SCPI_UNIT_TESLA, /* mult */ 1e-6},
 230:../Libraries/libscpi/src/units.c ****     {/* name */ "MT", /* unit */ SCPI_UNIT_TESLA, /* mult */ 1e-3},
 231:../Libraries/libscpi/src/units.c ****     {/* name */ "T", /* unit */ SCPI_UNIT_TESLA, /* mult */ 1},
 232:../Libraries/libscpi/src/units.c **** #endif /* USE_UNITS_MAGNETIC */
 233:../Libraries/libscpi/src/units.c **** 
 234:../Libraries/libscpi/src/units.c **** #if USE_UNITS_POWER
 235:../Libraries/libscpi/src/units.c ****     /* Power */
 236:../Libraries/libscpi/src/units.c ****     {/* name */ "W", /* unit */ SCPI_UNIT_WATT, /* mult */ 1},
 237:../Libraries/libscpi/src/units.c ****     {/* name */ "DBM", /* unit */ SCPI_UNIT_DBM, /* mult */ 1},
 238:../Libraries/libscpi/src/units.c ****     {/* name */ "DBMW", /* unit */ SCPI_UNIT_DBM, /* mult */ 1},
 239:../Libraries/libscpi/src/units.c **** #endif /* USE_UNITS_POWER  */
 240:../Libraries/libscpi/src/units.c **** 
 241:../Libraries/libscpi/src/units.c **** #if USE_UNITS_RATIO
 242:../Libraries/libscpi/src/units.c ****     /* Ratio */
 243:../Libraries/libscpi/src/units.c ****     {/* name */ "DB", /* unit */ SCPI_UNIT_DECIBEL, /* mult */ 1},
 244:../Libraries/libscpi/src/units.c ****     {/* name */ "PCT", /* unit */ SCPI_UNIT_UNITLESS, /* mult */ 1e-2},
 245:../Libraries/libscpi/src/units.c ****     {/* name */ "PPM", /* unit */ SCPI_UNIT_UNITLESS, /* mult */ 1e-6},
 246:../Libraries/libscpi/src/units.c **** #endif /* USE_UNITS_RATIO */
 247:../Libraries/libscpi/src/units.c **** 
 248:../Libraries/libscpi/src/units.c **** #if USE_UNITS_TEMPERATURE
 249:../Libraries/libscpi/src/units.c ****     /* Temperature */
 250:../Libraries/libscpi/src/units.c ****     {/* name */ "CEL", /* unit */ SCPI_UNIT_CELSIUS, /* mult */ 1},
 251:../Libraries/libscpi/src/units.c **** #if USE_UNITS_IMPERIAL
 252:../Libraries/libscpi/src/units.c ****     {/* name */ "FAR", /* unit */ SCPI_UNIT_FAHRENHEIT, /* mult */ 1},
 253:../Libraries/libscpi/src/units.c **** #endif /* USE_UNITS_IMPERIAL */
 254:../Libraries/libscpi/src/units.c ****     {/* name */ "K", /* unit */ SCPI_UNIT_KELVIN, /* mult */ 1},
 255:../Libraries/libscpi/src/units.c **** #endif /* USE_UNITS_TEMPERATURE */
 256:../Libraries/libscpi/src/units.c **** 
 257:../Libraries/libscpi/src/units.c **** #if USE_UNITS_TIME
 258:../Libraries/libscpi/src/units.c ****     /* Time */
 259:../Libraries/libscpi/src/units.c ****     {/* name */ "PS", /* unit */ SCPI_UNIT_SECOND, /* mult */ 1e-12},
 260:../Libraries/libscpi/src/units.c ****     {/* name */ "NS", /* unit */ SCPI_UNIT_SECOND, /* mult */ 1e-9},
 261:../Libraries/libscpi/src/units.c ****     {/* name */ "US", /* unit */ SCPI_UNIT_SECOND, /* mult */ 1e-6},
 262:../Libraries/libscpi/src/units.c ****     {/* name */ "MS", /* unit */ SCPI_UNIT_SECOND, /* mult */ 1e-3},
 263:../Libraries/libscpi/src/units.c ****     {/* name */ "S", /* unit */ SCPI_UNIT_SECOND, /* mult */ 1},
 264:../Libraries/libscpi/src/units.c ****     {/* name */ "MIN", /* unit */ SCPI_UNIT_SECOND, /* mult */ 60},
 265:../Libraries/libscpi/src/units.c ****     {/* name */ "HR", /* unit */ SCPI_UNIT_SECOND, /* mult */ 3600},
 266:../Libraries/libscpi/src/units.c ****     {/* name */ "D", /* unit */ SCPI_UNIT_DAY, /* mult */ 1},
 267:../Libraries/libscpi/src/units.c ****     {/* name */ "ANN", /* unit */ SCPI_UNIT_YEAR, /* mult */ 1},
 268:../Libraries/libscpi/src/units.c **** #endif /* USE_UNITS_TIME */
 269:../Libraries/libscpi/src/units.c **** 
 270:../Libraries/libscpi/src/units.c ****     SCPI_UNITS_LIST_END,
 271:../Libraries/libscpi/src/units.c **** };
 272:../Libraries/libscpi/src/units.c **** 
 273:../Libraries/libscpi/src/units.c **** /*
 274:../Libraries/libscpi/src/units.c ****  * Special number values definition
 275:../Libraries/libscpi/src/units.c ****  */
 276:../Libraries/libscpi/src/units.c **** const scpi_choice_def_t scpi_special_numbers_def[] = {
 277:../Libraries/libscpi/src/units.c ****     {/* name */ "MINimum", /* type */ SCPI_NUM_MIN},
 278:../Libraries/libscpi/src/units.c ****     {/* name */ "MAXimum", /* type */ SCPI_NUM_MAX},
 279:../Libraries/libscpi/src/units.c ****     {/* name */ "DEFault", /* type */ SCPI_NUM_DEF},
 280:../Libraries/libscpi/src/units.c ****     {/* name */ "UP", /* type */ SCPI_NUM_UP},
 281:../Libraries/libscpi/src/units.c ****     {/* name */ "DOWN", /* type */ SCPI_NUM_DOWN},
 282:../Libraries/libscpi/src/units.c ****     {/* name */ "NAN", /* type */ SCPI_NUM_NAN},
 283:../Libraries/libscpi/src/units.c ****     {/* name */ "INFinity", /* type */ SCPI_NUM_INF},
 284:../Libraries/libscpi/src/units.c ****     {/* name */ "NINF", /* type */ SCPI_NUM_NINF},
 285:../Libraries/libscpi/src/units.c ****     {/* name */ "AUTO", /* type */ SCPI_NUM_AUTO},
 286:../Libraries/libscpi/src/units.c ****     SCPI_CHOICE_LIST_END,
 287:../Libraries/libscpi/src/units.c **** };
 288:../Libraries/libscpi/src/units.c **** 
 289:../Libraries/libscpi/src/units.c **** /**
 290:../Libraries/libscpi/src/units.c ****  * Convert string describing unit to its representation
 291:../Libraries/libscpi/src/units.c ****  * @param units units patterns
 292:../Libraries/libscpi/src/units.c ****  * @param unit text representation of unknown unit
 293:../Libraries/libscpi/src/units.c ****  * @param len length of text representation
 294:../Libraries/libscpi/src/units.c ****  * @return pointer of related unit definition or NULL
 295:../Libraries/libscpi/src/units.c ****  */
 296:../Libraries/libscpi/src/units.c **** static const scpi_unit_def_t * translateUnit(const scpi_unit_def_t * units, const char * unit, size
 301              	 .loc 1 296 0
 302              	 .cfi_startproc
 303              	 
 304              	 
 305 0000 90B5     	 push {r4,r7,lr}
 306              	.LCFI0:
 307              	 .cfi_def_cfa_offset 12
 308              	 .cfi_offset 4,-12
 309              	 .cfi_offset 7,-8
 310              	 .cfi_offset 14,-4
 311 0002 87B0     	 sub sp,sp,#28
 312              	.LCFI1:
 313              	 .cfi_def_cfa_offset 40
 314 0004 00AF     	 add r7,sp,#0
 315              	.LCFI2:
 316              	 .cfi_def_cfa_register 7
 317 0006 F860     	 str r0,[r7,#12]
 318 0008 B960     	 str r1,[r7,#8]
 319 000a 7A60     	 str r2,[r7,#4]
 297:../Libraries/libscpi/src/units.c ****     int i;
 298:../Libraries/libscpi/src/units.c **** 
 299:../Libraries/libscpi/src/units.c ****     if (units == NULL) {
 320              	 .loc 1 299 0
 321 000c FB68     	 ldr r3,[r7,#12]
 322 000e 002B     	 cmp r3,#0
 323 0010 01D1     	 bne .L2
 300:../Libraries/libscpi/src/units.c ****         return NULL;
 324              	 .loc 1 300 0
 325 0012 0023     	 movs r3,#0
 326 0014 28E0     	 b .L3
 327              	.L2:
 301:../Libraries/libscpi/src/units.c ****     }
 302:../Libraries/libscpi/src/units.c **** 
 303:../Libraries/libscpi/src/units.c ****     for (i = 0; units[i].name != NULL; i++) {
 328              	 .loc 1 303 0
 329 0016 0023     	 movs r3,#0
 330 0018 7B61     	 str r3,[r7,#20]
 331 001a 1DE0     	 b .L4
 332              	.L6:
 304:../Libraries/libscpi/src/units.c ****         if (compareStr(unit, len, units[i].name, strlen(units[i].name))) {
 333              	 .loc 1 304 0
 334 001c 7B69     	 ldr r3,[r7,#20]
 335 001e 1B01     	 lsls r3,r3,#4
 336 0020 FA68     	 ldr r2,[r7,#12]
 337 0022 1344     	 add r3,r3,r2
 338 0024 1C68     	 ldr r4,[r3]
 339 0026 7B69     	 ldr r3,[r7,#20]
 340 0028 1B01     	 lsls r3,r3,#4
 341 002a FA68     	 ldr r2,[r7,#12]
 342 002c 1344     	 add r3,r3,r2
 343 002e 1B68     	 ldr r3,[r3]
 344 0030 1846     	 mov r0,r3
 345 0032 FFF7FEFF 	 bl strlen
 346 0036 0346     	 mov r3,r0
 347 0038 B868     	 ldr r0,[r7,#8]
 348 003a 7968     	 ldr r1,[r7,#4]
 349 003c 2246     	 mov r2,r4
 350 003e FFF7FEFF 	 bl compareStr
 351 0042 0346     	 mov r3,r0
 352 0044 002B     	 cmp r3,#0
 353 0046 04D0     	 beq .L5
 305:../Libraries/libscpi/src/units.c ****             return &units[i];
 354              	 .loc 1 305 0
 355 0048 7B69     	 ldr r3,[r7,#20]
 356 004a 1B01     	 lsls r3,r3,#4
 357 004c FA68     	 ldr r2,[r7,#12]
 358 004e 1344     	 add r3,r3,r2
 359 0050 0AE0     	 b .L3
 360              	.L5:
 303:../Libraries/libscpi/src/units.c ****         if (compareStr(unit, len, units[i].name, strlen(units[i].name))) {
 361              	 .loc 1 303 0 discriminator 2
 362 0052 7B69     	 ldr r3,[r7,#20]
 363 0054 0133     	 adds r3,r3,#1
 364 0056 7B61     	 str r3,[r7,#20]
 365              	.L4:
 303:../Libraries/libscpi/src/units.c ****         if (compareStr(unit, len, units[i].name, strlen(units[i].name))) {
 366              	 .loc 1 303 0 is_stmt 0 discriminator 1
 367 0058 7B69     	 ldr r3,[r7,#20]
 368 005a 1B01     	 lsls r3,r3,#4
 369 005c FA68     	 ldr r2,[r7,#12]
 370 005e 1344     	 add r3,r3,r2
 371 0060 1B68     	 ldr r3,[r3]
 372 0062 002B     	 cmp r3,#0
 373 0064 DAD1     	 bne .L6
 306:../Libraries/libscpi/src/units.c ****         }
 307:../Libraries/libscpi/src/units.c ****     }
 308:../Libraries/libscpi/src/units.c **** 
 309:../Libraries/libscpi/src/units.c ****     return NULL;
 374              	 .loc 1 309 0 is_stmt 1
 375 0066 0023     	 movs r3,#0
 376              	.L3:
 310:../Libraries/libscpi/src/units.c **** }
 377              	 .loc 1 310 0
 378 0068 1846     	 mov r0,r3
 379 006a 1C37     	 adds r7,r7,#28
 380              	.LCFI3:
 381              	 .cfi_def_cfa_offset 12
 382 006c BD46     	 mov sp,r7
 383              	.LCFI4:
 384              	 .cfi_def_cfa_register 13
 385              	 
 386 006e 90BD     	 pop {r4,r7,pc}
 387              	 .cfi_endproc
 388              	.LFE0:
 390              	 .global __aeabi_dcmpeq
 391              	 .section .text.translateUnitInverse,"ax",%progbits
 392              	 .align 2
 393              	 .thumb
 394              	 .thumb_func
 396              	translateUnitInverse:
 397              	.LFB1:
 311:../Libraries/libscpi/src/units.c **** 
 312:../Libraries/libscpi/src/units.c **** /**
 313:../Libraries/libscpi/src/units.c ****  * Convert unit definition to string
 314:../Libraries/libscpi/src/units.c ****  * @param units units definitions (patterns)
 315:../Libraries/libscpi/src/units.c ****  * @param unit type of unit
 316:../Libraries/libscpi/src/units.c ****  * @return string representation of unit
 317:../Libraries/libscpi/src/units.c ****  */
 318:../Libraries/libscpi/src/units.c **** static const char * translateUnitInverse(const scpi_unit_def_t * units, const scpi_unit_t unit) {
 398              	 .loc 1 318 0
 399              	 .cfi_startproc
 400              	 
 401              	 
 402 0000 80B5     	 push {r7,lr}
 403              	.LCFI5:
 404              	 .cfi_def_cfa_offset 8
 405              	 .cfi_offset 7,-8
 406              	 .cfi_offset 14,-4
 407 0002 84B0     	 sub sp,sp,#16
 408              	.LCFI6:
 409              	 .cfi_def_cfa_offset 24
 410 0004 00AF     	 add r7,sp,#0
 411              	.LCFI7:
 412              	 .cfi_def_cfa_register 7
 413 0006 7860     	 str r0,[r7,#4]
 414 0008 0B46     	 mov r3,r1
 415 000a FB70     	 strb r3,[r7,#3]
 319:../Libraries/libscpi/src/units.c ****     int i;
 320:../Libraries/libscpi/src/units.c **** 
 321:../Libraries/libscpi/src/units.c ****     if (units == NULL) {
 416              	 .loc 1 321 0
 417 000c 7B68     	 ldr r3,[r7,#4]
 418 000e 002B     	 cmp r3,#0
 419 0010 01D1     	 bne .L8
 322:../Libraries/libscpi/src/units.c ****         return NULL;
 420              	 .loc 1 322 0
 421 0012 0023     	 movs r3,#0
 422 0014 2BE0     	 b .L9
 423              	.L8:
 323:../Libraries/libscpi/src/units.c ****     }
 324:../Libraries/libscpi/src/units.c **** 
 325:../Libraries/libscpi/src/units.c ****     for (i = 0; units[i].name != NULL; i++) {
 424              	 .loc 1 325 0
 425 0016 0023     	 movs r3,#0
 426 0018 FB60     	 str r3,[r7,#12]
 427 001a 20E0     	 b .L10
 428              	.L13:
 326:../Libraries/libscpi/src/units.c ****         if ((units[i].unit == unit) && (units[i].mult == 1)) {
 429              	 .loc 1 326 0
 430 001c FB68     	 ldr r3,[r7,#12]
 431 001e 1B01     	 lsls r3,r3,#4
 432 0020 7A68     	 ldr r2,[r7,#4]
 433 0022 1344     	 add r3,r3,r2
 434 0024 1B79     	 ldrb r3,[r3,#4]
 435 0026 FA78     	 ldrb r2,[r7,#3]
 436 0028 9A42     	 cmp r2,r3
 437 002a 15D1     	 bne .L11
 438              	 .loc 1 326 0 is_stmt 0 discriminator 1
 439 002c FB68     	 ldr r3,[r7,#12]
 440 002e 1B01     	 lsls r3,r3,#4
 441 0030 7A68     	 ldr r2,[r7,#4]
 442 0032 1344     	 add r3,r3,r2
 443 0034 D3E90223 	 ldrd r2,[r3,#8]
 444 0038 1046     	 mov r0,r2
 445 003a 1946     	 mov r1,r3
 446 003c 4FF00002 	 mov r2,#0
 447 0040 0D4B     	 ldr r3,.L15
 448 0042 FFF7FEFF 	 bl __aeabi_dcmpeq
 449 0046 0346     	 mov r3,r0
 450 0048 002B     	 cmp r3,#0
 451 004a 05D0     	 beq .L11
 327:../Libraries/libscpi/src/units.c ****             return units[i].name;
 452              	 .loc 1 327 0 is_stmt 1
 453 004c FB68     	 ldr r3,[r7,#12]
 454 004e 1B01     	 lsls r3,r3,#4
 455 0050 7A68     	 ldr r2,[r7,#4]
 456 0052 1344     	 add r3,r3,r2
 457 0054 1B68     	 ldr r3,[r3]
 458 0056 0AE0     	 b .L9
 459              	.L11:
 325:../Libraries/libscpi/src/units.c ****         if ((units[i].unit == unit) && (units[i].mult == 1)) {
 460              	 .loc 1 325 0 discriminator 2
 461 0058 FB68     	 ldr r3,[r7,#12]
 462 005a 0133     	 adds r3,r3,#1
 463 005c FB60     	 str r3,[r7,#12]
 464              	.L10:
 325:../Libraries/libscpi/src/units.c ****         if ((units[i].unit == unit) && (units[i].mult == 1)) {
 465              	 .loc 1 325 0 is_stmt 0 discriminator 1
 466 005e FB68     	 ldr r3,[r7,#12]
 467 0060 1B01     	 lsls r3,r3,#4
 468 0062 7A68     	 ldr r2,[r7,#4]
 469 0064 1344     	 add r3,r3,r2
 470 0066 1B68     	 ldr r3,[r3]
 471 0068 002B     	 cmp r3,#0
 472 006a D7D1     	 bne .L13
 328:../Libraries/libscpi/src/units.c ****         }
 329:../Libraries/libscpi/src/units.c ****     }
 330:../Libraries/libscpi/src/units.c **** 
 331:../Libraries/libscpi/src/units.c ****     return NULL;
 473              	 .loc 1 331 0 is_stmt 1
 474 006c 0023     	 movs r3,#0
 475              	.L9:
 332:../Libraries/libscpi/src/units.c **** }
 476              	 .loc 1 332 0
 477 006e 1846     	 mov r0,r3
 478 0070 1037     	 adds r7,r7,#16
 479              	.LCFI8:
 480              	 .cfi_def_cfa_offset 8
 481 0072 BD46     	 mov sp,r7
 482              	.LCFI9:
 483              	 .cfi_def_cfa_register 13
 484              	 
 485 0074 80BD     	 pop {r7,pc}
 486              	.L16:
 487 0076 00BF     	 .align 2
 488              	.L15:
 489 0078 0000F03F 	 .word 1072693248
 490              	 .cfi_endproc
 491              	.LFE1:
 493              	 .global __aeabi_dmul
 494              	 .section .text.transformNumber,"ax",%progbits
 495              	 .align 2
 496              	 .thumb
 497              	 .thumb_func
 499              	transformNumber:
 500              	.LFB2:
 333:../Libraries/libscpi/src/units.c **** 
 334:../Libraries/libscpi/src/units.c **** /**
 335:../Libraries/libscpi/src/units.c ****  * Transform number to base units
 336:../Libraries/libscpi/src/units.c ****  * @param context
 337:../Libraries/libscpi/src/units.c ****  * @param unit text representation of unit
 338:../Libraries/libscpi/src/units.c ****  * @param len length of text representation
 339:../Libraries/libscpi/src/units.c ****  * @param value preparsed numeric value
 340:../Libraries/libscpi/src/units.c ****  * @return TRUE if value parameter was converted to base units
 341:../Libraries/libscpi/src/units.c ****  */
 342:../Libraries/libscpi/src/units.c **** static scpi_bool_t transformNumber(scpi_t * context, const char * unit, size_t len, scpi_number_t *
 501              	 .loc 1 342 0
 502              	 .cfi_startproc
 503              	 
 504              	 
 505 0000 80B5     	 push {r7,lr}
 506              	.LCFI10:
 507              	 .cfi_def_cfa_offset 8
 508              	 .cfi_offset 7,-8
 509              	 .cfi_offset 14,-4
 510 0002 86B0     	 sub sp,sp,#24
 511              	.LCFI11:
 512              	 .cfi_def_cfa_offset 32
 513 0004 00AF     	 add r7,sp,#0
 514              	.LCFI12:
 515              	 .cfi_def_cfa_register 7
 516 0006 F860     	 str r0,[r7,#12]
 517 0008 B960     	 str r1,[r7,#8]
 518 000a 7A60     	 str r2,[r7,#4]
 519 000c 3B60     	 str r3,[r7]
 343:../Libraries/libscpi/src/units.c ****     size_t s;
 344:../Libraries/libscpi/src/units.c ****     const scpi_unit_def_t * unitDef;
 345:../Libraries/libscpi/src/units.c ****     s = skipWhitespace(unit, len);
 520              	 .loc 1 345 0
 521 000e B868     	 ldr r0,[r7,#8]
 522 0010 7968     	 ldr r1,[r7,#4]
 523 0012 FFF7FEFF 	 bl skipWhitespace
 524 0016 7861     	 str r0,[r7,#20]
 346:../Libraries/libscpi/src/units.c **** 
 347:../Libraries/libscpi/src/units.c ****     if (s == len) {
 525              	 .loc 1 347 0
 526 0018 7A69     	 ldr r2,[r7,#20]
 527 001a 7B68     	 ldr r3,[r7,#4]
 528 001c 9A42     	 cmp r2,r3
 529 001e 04D1     	 bne .L18
 348:../Libraries/libscpi/src/units.c ****         value->unit = SCPI_UNIT_NONE;
 530              	 .loc 1 348 0
 531 0020 3B68     	 ldr r3,[r7]
 532 0022 0022     	 movs r2,#0
 533 0024 1A74     	 strb r2,[r3,#16]
 349:../Libraries/libscpi/src/units.c ****         return TRUE;
 534              	 .loc 1 349 0
 535 0026 0123     	 movs r3,#1
 536 0028 27E0     	 b .L19
 537              	.L18:
 350:../Libraries/libscpi/src/units.c ****     }
 351:../Libraries/libscpi/src/units.c **** 
 352:../Libraries/libscpi/src/units.c ****     unitDef = translateUnit(context->units, unit + s, len - s);
 538              	 .loc 1 352 0
 539 002a FB68     	 ldr r3,[r7,#12]
 540 002c D86D     	 ldr r0,[r3,#92]
 541 002e BA68     	 ldr r2,[r7,#8]
 542 0030 7B69     	 ldr r3,[r7,#20]
 543 0032 D118     	 adds r1,r2,r3
 544 0034 7A68     	 ldr r2,[r7,#4]
 545 0036 7B69     	 ldr r3,[r7,#20]
 546 0038 D31A     	 subs r3,r2,r3
 547 003a 1A46     	 mov r2,r3
 548 003c FFF7FEFF 	 bl translateUnit
 549 0040 3861     	 str r0,[r7,#16]
 353:../Libraries/libscpi/src/units.c **** 
 354:../Libraries/libscpi/src/units.c ****     if (unitDef == NULL) {
 550              	 .loc 1 354 0
 551 0042 3B69     	 ldr r3,[r7,#16]
 552 0044 002B     	 cmp r3,#0
 553 0046 06D1     	 bne .L20
 355:../Libraries/libscpi/src/units.c ****         SCPI_ErrorPush(context, SCPI_ERROR_INVALID_SUFFIX);
 554              	 .loc 1 355 0
 555 0048 F868     	 ldr r0,[r7,#12]
 556 004a 6FF08201 	 mvn r1,#130
 557 004e FFF7FEFF 	 bl SCPI_ErrorPush
 356:../Libraries/libscpi/src/units.c ****         return FALSE;
 558              	 .loc 1 356 0
 559 0052 0023     	 movs r3,#0
 560 0054 11E0     	 b .L19
 561              	.L20:
 357:../Libraries/libscpi/src/units.c ****     }
 358:../Libraries/libscpi/src/units.c **** 
 359:../Libraries/libscpi/src/units.c ****     value->content.value *= unitDef->mult;
 562              	 .loc 1 359 0
 563 0056 3B68     	 ldr r3,[r7]
 564 0058 D3E90201 	 ldrd r0,[r3,#8]
 565 005c 3B69     	 ldr r3,[r7,#16]
 566 005e D3E90223 	 ldrd r2,[r3,#8]
 567 0062 FFF7FEFF 	 bl __aeabi_dmul
 568 0066 0246     	 mov r2,r0
 569 0068 0B46     	 mov r3,r1
 570 006a 3968     	 ldr r1,[r7]
 571 006c C1E90223 	 strd r2,[r1,#8]
 360:../Libraries/libscpi/src/units.c ****     value->unit = unitDef->unit;
 572              	 .loc 1 360 0
 573 0070 3B69     	 ldr r3,[r7,#16]
 574 0072 1A79     	 ldrb r2,[r3,#4]
 575 0074 3B68     	 ldr r3,[r7]
 576 0076 1A74     	 strb r2,[r3,#16]
 361:../Libraries/libscpi/src/units.c **** 
 362:../Libraries/libscpi/src/units.c ****     return TRUE;
 577              	 .loc 1 362 0
 578 0078 0123     	 movs r3,#1
 579              	.L19:
 363:../Libraries/libscpi/src/units.c **** }
 580              	 .loc 1 363 0
 581 007a 1846     	 mov r0,r3
 582 007c 1837     	 adds r7,r7,#24
 583              	.LCFI13:
 584              	 .cfi_def_cfa_offset 8
 585 007e BD46     	 mov sp,r7
 586              	.LCFI14:
 587              	 .cfi_def_cfa_register 13
 588              	 
 589 0080 80BD     	 pop {r7,pc}
 590              	 .cfi_endproc
 591              	.LFE2:
 593 0082 00BF     	 .section .text.SCPI_ParamNumber,"ax",%progbits
 594              	 .align 2
 595              	 .global SCPI_ParamNumber
 596              	 .thumb
 597              	 .thumb_func
 599              	SCPI_ParamNumber:
 600              	.LFB3:
 364:../Libraries/libscpi/src/units.c **** 
 365:../Libraries/libscpi/src/units.c **** /**
 366:../Libraries/libscpi/src/units.c ****  * Parse parameter as number, number with unit or special value (min, max, default, ...)
 367:../Libraries/libscpi/src/units.c ****  * @param context
 368:../Libraries/libscpi/src/units.c ****  * @param value return value
 369:../Libraries/libscpi/src/units.c ****  * @param mandatory if the parameter is mandatory
 370:../Libraries/libscpi/src/units.c ****  * @return
 371:../Libraries/libscpi/src/units.c ****  */
 372:../Libraries/libscpi/src/units.c **** scpi_bool_t SCPI_ParamNumber(scpi_t * context, const scpi_choice_def_t * special, scpi_number_t * v
 601              	 .loc 1 372 0
 602              	 .cfi_startproc
 603              	 
 604              	 
 605 0000 80B5     	 push {r7,lr}
 606              	.LCFI15:
 607              	 .cfi_def_cfa_offset 8
 608              	 .cfi_offset 7,-8
 609              	 .cfi_offset 14,-4
 610 0002 90B0     	 sub sp,sp,#64
 611              	.LCFI16:
 612              	 .cfi_def_cfa_offset 72
 613 0004 00AF     	 add r7,sp,#0
 614              	.LCFI17:
 615              	 .cfi_def_cfa_register 7
 616 0006 F860     	 str r0,[r7,#12]
 617 0008 B960     	 str r1,[r7,#8]
 618 000a 7A60     	 str r2,[r7,#4]
 619 000c FB70     	 strb r3,[r7,#3]
 373:../Libraries/libscpi/src/units.c ****     scpi_token_t token;
 374:../Libraries/libscpi/src/units.c ****     lex_state_t state;
 375:../Libraries/libscpi/src/units.c ****     scpi_parameter_t param;
 376:../Libraries/libscpi/src/units.c ****     scpi_bool_t result;
 377:../Libraries/libscpi/src/units.c ****     int32_t tag;
 378:../Libraries/libscpi/src/units.c **** 
 379:../Libraries/libscpi/src/units.c ****     if (!value) {
 620              	 .loc 1 379 0
 621 000e 7B68     	 ldr r3,[r7,#4]
 622 0010 002B     	 cmp r3,#0
 623 0012 05D1     	 bne .L22
 380:../Libraries/libscpi/src/units.c ****         SCPI_ErrorPush(context, SCPI_ERROR_SYSTEM_ERROR);
 624              	 .loc 1 380 0
 625 0014 F868     	 ldr r0,[r7,#12]
 626 0016 7449     	 ldr r1,.L47
 627 0018 FFF7FEFF 	 bl SCPI_ErrorPush
 381:../Libraries/libscpi/src/units.c ****         return FALSE;
 628              	 .loc 1 381 0
 629 001c 0023     	 movs r3,#0
 630 001e DFE0     	 b .L44
 631              	.L22:
 382:../Libraries/libscpi/src/units.c ****     }
 383:../Libraries/libscpi/src/units.c **** 
 384:../Libraries/libscpi/src/units.c ****     result = SCPI_Parameter(context, &param, mandatory);
 632              	 .loc 1 384 0
 633 0020 07F11802 	 add r2,r7,#24
 634 0024 FB78     	 ldrb r3,[r7,#3]
 635 0026 F868     	 ldr r0,[r7,#12]
 636 0028 1146     	 mov r1,r2
 637 002a 1A46     	 mov r2,r3
 638 002c FFF7FEFF 	 bl SCPI_Parameter
 639 0030 0346     	 mov r3,r0
 640 0032 87F83F30 	 strb r3,[r7,#63]
 385:../Libraries/libscpi/src/units.c **** 
 386:../Libraries/libscpi/src/units.c ****     if (!result) {
 641              	 .loc 1 386 0
 642 0036 97F83F30 	 ldrb r3,[r7,#63]
 643 003a 83F00103 	 eor r3,r3,#1
 644 003e DBB2     	 uxtb r3,r3
 645 0040 002B     	 cmp r3,#0
 646 0042 02D0     	 beq .L24
 387:../Libraries/libscpi/src/units.c ****         return result;
 647              	 .loc 1 387 0
 648 0044 97F83F30 	 ldrb r3,[r7,#63]
 649 0048 CAE0     	 b .L44
 650              	.L24:
 388:../Libraries/libscpi/src/units.c ****     }
 389:../Libraries/libscpi/src/units.c **** 
 390:../Libraries/libscpi/src/units.c ****     state.buffer = param.ptr;
 651              	 .loc 1 390 0
 652 004a FB69     	 ldr r3,[r7,#28]
 653 004c 7B62     	 str r3,[r7,#36]
 391:../Libraries/libscpi/src/units.c ****     state.pos = state.buffer;
 654              	 .loc 1 391 0
 655 004e 7B6A     	 ldr r3,[r7,#36]
 656 0050 BB62     	 str r3,[r7,#40]
 392:../Libraries/libscpi/src/units.c ****     state.len = param.len;
 657              	 .loc 1 392 0
 658 0052 3B6A     	 ldr r3,[r7,#32]
 659 0054 FB62     	 str r3,[r7,#44]
 393:../Libraries/libscpi/src/units.c **** 
 394:../Libraries/libscpi/src/units.c ****     switch (param.type) {
 660              	 .loc 1 394 0
 661 0056 3B7E     	 ldrb r3,[r7,#24]
 662 0058 063B     	 subs r3,r3,#6
 663 005a 052B     	 cmp r3,#5
 664 005c 09D8     	 bhi .L45
 395:../Libraries/libscpi/src/units.c ****         case SCPI_TOKEN_DECIMAL_NUMERIC_PROGRAM_DATA:
 396:../Libraries/libscpi/src/units.c ****         case SCPI_TOKEN_HEXNUM:
 397:../Libraries/libscpi/src/units.c ****         case SCPI_TOKEN_OCTNUM:
 398:../Libraries/libscpi/src/units.c ****         case SCPI_TOKEN_BINNUM:
 399:../Libraries/libscpi/src/units.c ****         case SCPI_TOKEN_DECIMAL_NUMERIC_PROGRAM_DATA_WITH_SUFFIX:
 400:../Libraries/libscpi/src/units.c ****         case SCPI_TOKEN_PROGRAM_MNEMONIC:
 401:../Libraries/libscpi/src/units.c ****             value->unit = SCPI_UNIT_NONE;
 665              	 .loc 1 401 0
 666 005e 7B68     	 ldr r3,[r7,#4]
 667 0060 0022     	 movs r2,#0
 668 0062 1A74     	 strb r2,[r3,#16]
 402:../Libraries/libscpi/src/units.c ****             value->special = FALSE;
 669              	 .loc 1 402 0
 670 0064 7B68     	 ldr r3,[r7,#4]
 671 0066 0022     	 movs r2,#0
 672 0068 1A70     	 strb r2,[r3]
 403:../Libraries/libscpi/src/units.c ****             result = TRUE;
 673              	 .loc 1 403 0
 674 006a 0123     	 movs r3,#1
 675 006c 87F83F30 	 strb r3,[r7,#63]
 404:../Libraries/libscpi/src/units.c ****             break;
 676              	 .loc 1 404 0
 677 0070 00E0     	 b .L27
 678              	.L45:
 405:../Libraries/libscpi/src/units.c ****         default:
 406:../Libraries/libscpi/src/units.c ****             break;
 679              	 .loc 1 406 0
 680 0072 00BF     	 nop
 681              	.L27:
 407:../Libraries/libscpi/src/units.c ****     }
 408:../Libraries/libscpi/src/units.c **** 
 409:../Libraries/libscpi/src/units.c ****     switch (param.type) {
 682              	 .loc 1 409 0
 683 0074 3B7E     	 ldrb r3,[r7,#24]
 684 0076 063B     	 subs r3,r3,#6
 685 0078 052B     	 cmp r3,#5
 686 007a 1FD8     	 bhi .L46
 687 007c 01A2     	 adr r2,.L30
 688 007e 52F823F0 	 ldr pc,[r2,r3,lsl#2]
 689 0082 00BF     	 .p2align 2
 690              	.L30:
 691 0084 AD000000 	 .word .L29+1
 692 0088 B5000000 	 .word .L31+1
 693 008c A5000000 	 .word .L32+1
 694 0090 9D000000 	 .word .L33+1
 695 0094 9D000000 	 .word .L33+1
 696 0098 9D000000 	 .word .L33+1
 697              	 .p2align 1
 698              	.L33:
 410:../Libraries/libscpi/src/units.c ****         case SCPI_TOKEN_DECIMAL_NUMERIC_PROGRAM_DATA:
 411:../Libraries/libscpi/src/units.c ****         case SCPI_TOKEN_DECIMAL_NUMERIC_PROGRAM_DATA_WITH_SUFFIX:
 412:../Libraries/libscpi/src/units.c ****         case SCPI_TOKEN_PROGRAM_MNEMONIC:
 413:../Libraries/libscpi/src/units.c ****             value->base = 10;
 699              	 .loc 1 413 0
 700 009c 7B68     	 ldr r3,[r7,#4]
 701 009e 0A22     	 movs r2,#10
 702 00a0 5A74     	 strb r2,[r3,#17]
 414:../Libraries/libscpi/src/units.c ****             break;
 703              	 .loc 1 414 0
 704 00a2 0CE0     	 b .L34
 705              	.L32:
 415:../Libraries/libscpi/src/units.c ****         case SCPI_TOKEN_BINNUM:
 416:../Libraries/libscpi/src/units.c ****             value->base = 2;
 706              	 .loc 1 416 0
 707 00a4 7B68     	 ldr r3,[r7,#4]
 708 00a6 0222     	 movs r2,#2
 709 00a8 5A74     	 strb r2,[r3,#17]
 417:../Libraries/libscpi/src/units.c ****             break;
 710              	 .loc 1 417 0
 711 00aa 08E0     	 b .L34
 712              	.L29:
 418:../Libraries/libscpi/src/units.c ****         case SCPI_TOKEN_HEXNUM:
 419:../Libraries/libscpi/src/units.c ****             value->base = 16;
 713              	 .loc 1 419 0
 714 00ac 7B68     	 ldr r3,[r7,#4]
 715 00ae 1022     	 movs r2,#16
 716 00b0 5A74     	 strb r2,[r3,#17]
 420:../Libraries/libscpi/src/units.c ****             break;
 717              	 .loc 1 420 0
 718 00b2 04E0     	 b .L34
 719              	.L31:
 421:../Libraries/libscpi/src/units.c ****         case SCPI_TOKEN_OCTNUM:
 422:../Libraries/libscpi/src/units.c ****             value->base = 8;
 720              	 .loc 1 422 0
 721 00b4 7B68     	 ldr r3,[r7,#4]
 722 00b6 0822     	 movs r2,#8
 723 00b8 5A74     	 strb r2,[r3,#17]
 423:../Libraries/libscpi/src/units.c ****             break;
 724              	 .loc 1 423 0
 725 00ba 00E0     	 b .L34
 726              	.L46:
 424:../Libraries/libscpi/src/units.c ****         default:
 425:../Libraries/libscpi/src/units.c ****             break;
 727              	 .loc 1 425 0
 728 00bc 00BF     	 nop
 729              	.L34:
 426:../Libraries/libscpi/src/units.c ****     }
 427:../Libraries/libscpi/src/units.c **** 
 428:../Libraries/libscpi/src/units.c ****     switch (param.type) {
 730              	 .loc 1 428 0
 731 00be 3B7E     	 ldrb r3,[r7,#24]
 732 00c0 063B     	 subs r3,r3,#6
 733 00c2 052B     	 cmp r3,#5
 734 00c4 00F28780 	 bhi .L35
 735 00c8 01A2     	 adr r2,.L37
 736 00ca 52F823F0 	 ldr pc,[r2,r3,lsl#2]
 737 00ce 00BF     	 .p2align 2
 738              	.L37:
 739 00d0 FD000000 	 .word .L36+1
 740 00d4 11010000 	 .word .L38+1
 741 00d8 25010000 	 .word .L39+1
 742 00dc 91010000 	 .word .L40+1
 743 00e0 E9000000 	 .word .L41+1
 744 00e4 39010000 	 .word .L42+1
 745              	 .p2align 1
 746              	.L41:
 429:../Libraries/libscpi/src/units.c ****         case SCPI_TOKEN_DECIMAL_NUMERIC_PROGRAM_DATA:
 430:../Libraries/libscpi/src/units.c ****             SCPI_ParamToDouble(context, &param, &(value->content.value));
 747              	 .loc 1 430 0
 748 00e8 7B68     	 ldr r3,[r7,#4]
 749 00ea 0833     	 adds r3,r3,#8
 750 00ec 07F11802 	 add r2,r7,#24
 751 00f0 F868     	 ldr r0,[r7,#12]
 752 00f2 1146     	 mov r1,r2
 753 00f4 1A46     	 mov r2,r3
 754 00f6 FFF7FEFF 	 bl SCPI_ParamToDouble
 431:../Libraries/libscpi/src/units.c ****             break;
 755              	 .loc 1 431 0
 756 00fa 6FE0     	 b .L43
 757              	.L36:
 432:../Libraries/libscpi/src/units.c ****         case SCPI_TOKEN_HEXNUM:
 433:../Libraries/libscpi/src/units.c ****             SCPI_ParamToDouble(context, &param, &(value->content.value));
 758              	 .loc 1 433 0
 759 00fc 7B68     	 ldr r3,[r7,#4]
 760 00fe 0833     	 adds r3,r3,#8
 761 0100 07F11802 	 add r2,r7,#24
 762 0104 F868     	 ldr r0,[r7,#12]
 763 0106 1146     	 mov r1,r2
 764 0108 1A46     	 mov r2,r3
 765 010a FFF7FEFF 	 bl SCPI_ParamToDouble
 434:../Libraries/libscpi/src/units.c ****             break;
 766              	 .loc 1 434 0
 767 010e 65E0     	 b .L43
 768              	.L38:
 435:../Libraries/libscpi/src/units.c ****         case SCPI_TOKEN_OCTNUM:
 436:../Libraries/libscpi/src/units.c ****             SCPI_ParamToDouble(context, &param, &(value->content.value));
 769              	 .loc 1 436 0
 770 0110 7B68     	 ldr r3,[r7,#4]
 771 0112 0833     	 adds r3,r3,#8
 772 0114 07F11802 	 add r2,r7,#24
 773 0118 F868     	 ldr r0,[r7,#12]
 774 011a 1146     	 mov r1,r2
 775 011c 1A46     	 mov r2,r3
 776 011e FFF7FEFF 	 bl SCPI_ParamToDouble
 437:../Libraries/libscpi/src/units.c ****             break;
 777              	 .loc 1 437 0
 778 0122 5BE0     	 b .L43
 779              	.L39:
 438:../Libraries/libscpi/src/units.c ****         case SCPI_TOKEN_BINNUM:
 439:../Libraries/libscpi/src/units.c ****             SCPI_ParamToDouble(context, &param, &(value->content.value));
 780              	 .loc 1 439 0
 781 0124 7B68     	 ldr r3,[r7,#4]
 782 0126 0833     	 adds r3,r3,#8
 783 0128 07F11802 	 add r2,r7,#24
 784 012c F868     	 ldr r0,[r7,#12]
 785 012e 1146     	 mov r1,r2
 786 0130 1A46     	 mov r2,r3
 787 0132 FFF7FEFF 	 bl SCPI_ParamToDouble
 440:../Libraries/libscpi/src/units.c ****             break;
 788              	 .loc 1 440 0
 789 0136 51E0     	 b .L43
 790              	.L42:
 441:../Libraries/libscpi/src/units.c ****         case SCPI_TOKEN_DECIMAL_NUMERIC_PROGRAM_DATA_WITH_SUFFIX:
 442:../Libraries/libscpi/src/units.c ****             scpiLex_DecimalNumericProgramData(&state, &token);
 791              	 .loc 1 442 0
 792 0138 07F12402 	 add r2,r7,#36
 793 013c 07F13003 	 add r3,r7,#48
 794 0140 1046     	 mov r0,r2
 795 0142 1946     	 mov r1,r3
 796 0144 FFF7FEFF 	 bl scpiLex_DecimalNumericProgramData
 443:../Libraries/libscpi/src/units.c ****             scpiLex_WhiteSpace(&state, &token);
 797              	 .loc 1 443 0
 798 0148 07F12402 	 add r2,r7,#36
 799 014c 07F13003 	 add r3,r7,#48
 800 0150 1046     	 mov r0,r2
 801 0152 1946     	 mov r1,r3
 802 0154 FFF7FEFF 	 bl scpiLex_WhiteSpace
 444:../Libraries/libscpi/src/units.c ****             scpiLex_SuffixProgramData(&state, &token);
 803              	 .loc 1 444 0
 804 0158 07F12402 	 add r2,r7,#36
 805 015c 07F13003 	 add r3,r7,#48
 806 0160 1046     	 mov r0,r2
 807 0162 1946     	 mov r1,r3
 808 0164 FFF7FEFF 	 bl scpiLex_SuffixProgramData
 445:../Libraries/libscpi/src/units.c **** 
 446:../Libraries/libscpi/src/units.c ****             SCPI_ParamToDouble(context, &param, &(value->content.value));
 809              	 .loc 1 446 0
 810 0168 7B68     	 ldr r3,[r7,#4]
 811 016a 0833     	 adds r3,r3,#8
 812 016c 07F11802 	 add r2,r7,#24
 813 0170 F868     	 ldr r0,[r7,#12]
 814 0172 1146     	 mov r1,r2
 815 0174 1A46     	 mov r2,r3
 816 0176 FFF7FEFF 	 bl SCPI_ParamToDouble
 447:../Libraries/libscpi/src/units.c **** 
 448:../Libraries/libscpi/src/units.c ****             result = transformNumber(context, token.ptr, token.len, value);
 817              	 .loc 1 448 0
 818 017a 7B6B     	 ldr r3,[r7,#52]
 819 017c BA6B     	 ldr r2,[r7,#56]
 820 017e F868     	 ldr r0,[r7,#12]
 821 0180 1946     	 mov r1,r3
 822 0182 7B68     	 ldr r3,[r7,#4]
 823 0184 FFF7FEFF 	 bl transformNumber
 824 0188 0346     	 mov r3,r0
 825 018a 87F83F30 	 strb r3,[r7,#63]
 449:../Libraries/libscpi/src/units.c ****             break;
 826              	 .loc 1 449 0
 827 018e 25E0     	 b .L43
 828              	.L40:
 450:../Libraries/libscpi/src/units.c ****         case SCPI_TOKEN_PROGRAM_MNEMONIC:
 451:../Libraries/libscpi/src/units.c ****             scpiLex_WhiteSpace(&state, &token);
 829              	 .loc 1 451 0
 830 0190 07F12402 	 add r2,r7,#36
 831 0194 07F13003 	 add r3,r7,#48
 832 0198 1046     	 mov r0,r2
 833 019a 1946     	 mov r1,r3
 834 019c FFF7FEFF 	 bl scpiLex_WhiteSpace
 452:../Libraries/libscpi/src/units.c ****             scpiLex_CharacterProgramData(&state, &token);
 835              	 .loc 1 452 0
 836 01a0 07F12402 	 add r2,r7,#36
 837 01a4 07F13003 	 add r3,r7,#48
 838 01a8 1046     	 mov r0,r2
 839 01aa 1946     	 mov r1,r3
 840 01ac FFF7FEFF 	 bl scpiLex_CharacterProgramData
 453:../Libraries/libscpi/src/units.c **** 
 454:../Libraries/libscpi/src/units.c ****             /* convert string to special number type */
 455:../Libraries/libscpi/src/units.c ****             result = SCPI_ParamToChoice(context, &token, special, &tag);
 841              	 .loc 1 455 0
 842 01b0 07F13002 	 add r2,r7,#48
 843 01b4 07F11403 	 add r3,r7,#20
 844 01b8 F868     	 ldr r0,[r7,#12]
 845 01ba 1146     	 mov r1,r2
 846 01bc BA68     	 ldr r2,[r7,#8]
 847 01be FFF7FEFF 	 bl SCPI_ParamToChoice
 848 01c2 0346     	 mov r3,r0
 849 01c4 87F83F30 	 strb r3,[r7,#63]
 456:../Libraries/libscpi/src/units.c **** 
 457:../Libraries/libscpi/src/units.c ****             value->special = TRUE;
 850              	 .loc 1 457 0
 851 01c8 7B68     	 ldr r3,[r7,#4]
 852 01ca 0122     	 movs r2,#1
 853 01cc 1A70     	 strb r2,[r3]
 458:../Libraries/libscpi/src/units.c ****             value->content.tag = tag;
 854              	 .loc 1 458 0
 855 01ce 7A69     	 ldr r2,[r7,#20]
 856 01d0 7B68     	 ldr r3,[r7,#4]
 857 01d2 9A60     	 str r2,[r3,#8]
 459:../Libraries/libscpi/src/units.c **** 
 460:../Libraries/libscpi/src/units.c ****             break;
 858              	 .loc 1 460 0
 859 01d4 02E0     	 b .L43
 860              	.L35:
 461:../Libraries/libscpi/src/units.c ****         default:
 462:../Libraries/libscpi/src/units.c ****             result = FALSE;
 861              	 .loc 1 462 0
 862 01d6 0023     	 movs r3,#0
 863 01d8 87F83F30 	 strb r3,[r7,#63]
 864              	.L43:
 463:../Libraries/libscpi/src/units.c ****     }
 464:../Libraries/libscpi/src/units.c **** 
 465:../Libraries/libscpi/src/units.c ****     return result;
 865              	 .loc 1 465 0
 866 01dc 97F83F30 	 ldrb r3,[r7,#63]
 867              	.L44:
 466:../Libraries/libscpi/src/units.c **** }
 868              	 .loc 1 466 0 discriminator 1
 869 01e0 1846     	 mov r0,r3
 870 01e2 4037     	 adds r7,r7,#64
 871              	.LCFI18:
 872              	 .cfi_def_cfa_offset 8
 873 01e4 BD46     	 mov sp,r7
 874              	.LCFI19:
 875              	 .cfi_def_cfa_register 13
 876              	 
 877 01e6 80BD     	 pop {r7,pc}
 878              	.L48:
 879              	 .align 2
 880              	.L47:
 881 01e8 CAFEFFFF 	 .word -310
 882              	 .cfi_endproc
 883              	.LFE3:
 885              	 .section .rodata
 886 00b5 000000   	 .align 2
 887              	.LC35:
 888 00b8 2000     	 .ascii " \000"
 889 00ba 0000     	 .section .text.SCPI_NumberToStr,"ax",%progbits
 890              	 .align 2
 891              	 .global SCPI_NumberToStr
 892              	 .thumb
 893              	 .thumb_func
 895              	SCPI_NumberToStr:
 896              	.LFB4:
 467:../Libraries/libscpi/src/units.c **** 
 468:../Libraries/libscpi/src/units.c **** /**
 469:../Libraries/libscpi/src/units.c ****  * Convert scpi_number_t to string
 470:../Libraries/libscpi/src/units.c ****  * @param context
 471:../Libraries/libscpi/src/units.c ****  * @param value number value
 472:../Libraries/libscpi/src/units.c ****  * @param str target string
 473:../Libraries/libscpi/src/units.c ****  * @param len max length of string including null-character termination
 474:../Libraries/libscpi/src/units.c ****  * @return number of chars written to string
 475:../Libraries/libscpi/src/units.c ****  */
 476:../Libraries/libscpi/src/units.c **** size_t SCPI_NumberToStr(scpi_t * context, const scpi_choice_def_t * special, scpi_number_t * value,
 897              	 .loc 1 476 0
 898              	 .cfi_startproc
 899              	 
 900              	 
 901 0000 80B5     	 push {r7,lr}
 902              	.LCFI20:
 903              	 .cfi_def_cfa_offset 8
 904              	 .cfi_offset 7,-8
 905              	 .cfi_offset 14,-4
 906 0002 88B0     	 sub sp,sp,#32
 907              	.LCFI21:
 908              	 .cfi_def_cfa_offset 40
 909 0004 00AF     	 add r7,sp,#0
 910              	.LCFI22:
 911              	 .cfi_def_cfa_register 7
 912 0006 F860     	 str r0,[r7,#12]
 913 0008 B960     	 str r1,[r7,#8]
 914 000a 7A60     	 str r2,[r7,#4]
 915 000c 3B60     	 str r3,[r7]
 477:../Libraries/libscpi/src/units.c ****     const char * type;
 478:../Libraries/libscpi/src/units.c ****     const char * unit;
 479:../Libraries/libscpi/src/units.c ****     size_t result;
 480:../Libraries/libscpi/src/units.c **** 
 481:../Libraries/libscpi/src/units.c ****     if (!value || !str || len==0) {
 916              	 .loc 1 481 0
 917 000e 7B68     	 ldr r3,[r7,#4]
 918 0010 002B     	 cmp r3,#0
 919 0012 05D0     	 beq .L50
 920              	 .loc 1 481 0 is_stmt 0 discriminator 1
 921 0014 3B68     	 ldr r3,[r7]
 922 0016 002B     	 cmp r3,#0
 923 0018 02D0     	 beq .L50
 924              	 .loc 1 481 0 discriminator 2
 925 001a BB6A     	 ldr r3,[r7,#40]
 926 001c 002B     	 cmp r3,#0
 927 001e 01D1     	 bne .L51
 928              	.L50:
 482:../Libraries/libscpi/src/units.c ****         return 0;
 929              	 .loc 1 482 0 is_stmt 1
 930 0020 0023     	 movs r3,#0
 931 0022 5EE0     	 b .L57
 932              	.L51:
 483:../Libraries/libscpi/src/units.c ****     }
 484:../Libraries/libscpi/src/units.c **** 
 485:../Libraries/libscpi/src/units.c ****     if (value->special) {
 933              	 .loc 1 485 0
 934 0024 7B68     	 ldr r3,[r7,#4]
 935 0026 1B78     	 ldrb r3,[r3]
 936 0028 002B     	 cmp r3,#0
 937 002a 24D0     	 beq .L53
 486:../Libraries/libscpi/src/units.c ****         if (SCPI_ChoiceToName(special, value->content.tag, &type)) {
 938              	 .loc 1 486 0
 939 002c 7B68     	 ldr r3,[r7,#4]
 940 002e 9A68     	 ldr r2,[r3,#8]
 941 0030 07F11403 	 add r3,r7,#20
 942 0034 B868     	 ldr r0,[r7,#8]
 943 0036 1146     	 mov r1,r2
 944 0038 1A46     	 mov r2,r3
 945 003a FFF7FEFF 	 bl SCPI_ChoiceToName
 946 003e 0346     	 mov r3,r0
 947 0040 002B     	 cmp r3,#0
 948 0042 13D0     	 beq .L54
 487:../Libraries/libscpi/src/units.c ****             strncpy(str, type, len);
 949              	 .loc 1 487 0
 950 0044 7B69     	 ldr r3,[r7,#20]
 951 0046 3868     	 ldr r0,[r7]
 952 0048 1946     	 mov r1,r3
 953 004a BA6A     	 ldr r2,[r7,#40]
 954 004c FFF7FEFF 	 bl strncpy
 488:../Libraries/libscpi/src/units.c ****             result = SCPIDEFINE_strnlen(str, len - 1);
 955              	 .loc 1 488 0
 956 0050 BB6A     	 ldr r3,[r7,#40]
 957 0052 013B     	 subs r3,r3,#1
 958 0054 3868     	 ldr r0,[r7]
 959 0056 1946     	 mov r1,r3
 960 0058 FFF7FEFF 	 bl BSD_strnlen
 961 005c F861     	 str r0,[r7,#28]
 489:../Libraries/libscpi/src/units.c ****             str[result] = '\0';
 962              	 .loc 1 489 0
 963 005e 3A68     	 ldr r2,[r7]
 964 0060 FB69     	 ldr r3,[r7,#28]
 965 0062 1344     	 add r3,r3,r2
 966 0064 0022     	 movs r2,#0
 967 0066 1A70     	 strb r2,[r3]
 490:../Libraries/libscpi/src/units.c ****             return result;
 968              	 .loc 1 490 0
 969 0068 FB69     	 ldr r3,[r7,#28]
 970 006a 3AE0     	 b .L57
 971              	.L54:
 491:../Libraries/libscpi/src/units.c ****         } else {
 492:../Libraries/libscpi/src/units.c ****             str[0] = '\0';
 972              	 .loc 1 492 0
 973 006c 3B68     	 ldr r3,[r7]
 974 006e 0022     	 movs r2,#0
 975 0070 1A70     	 strb r2,[r3]
 493:../Libraries/libscpi/src/units.c ****             return 0;
 976              	 .loc 1 493 0
 977 0072 0023     	 movs r3,#0
 978 0074 35E0     	 b .L57
 979              	.L53:
 494:../Libraries/libscpi/src/units.c ****         }
 495:../Libraries/libscpi/src/units.c ****     }
 496:../Libraries/libscpi/src/units.c **** 
 497:../Libraries/libscpi/src/units.c ****     result = SCPI_DoubleToStr(value->content.value, str, len);
 980              	 .loc 1 497 0
 981 0076 7B68     	 ldr r3,[r7,#4]
 982 0078 D3E90223 	 ldrd r2,[r3,#8]
 983 007c 1046     	 mov r0,r2
 984 007e 1946     	 mov r1,r3
 985 0080 3A68     	 ldr r2,[r7]
 986 0082 BB6A     	 ldr r3,[r7,#40]
 987 0084 FFF7FEFF 	 bl SCPI_DoubleToStr
 988 0088 F861     	 str r0,[r7,#28]
 498:../Libraries/libscpi/src/units.c **** 
 499:../Libraries/libscpi/src/units.c ****     if (result + 1 < len) {
 989              	 .loc 1 499 0
 990 008a FB69     	 ldr r3,[r7,#28]
 991 008c 5A1C     	 adds r2,r3,#1
 992 008e BB6A     	 ldr r3,[r7,#40]
 993 0090 9A42     	 cmp r2,r3
 994 0092 25D2     	 bcs .L55
 500:../Libraries/libscpi/src/units.c ****         unit = translateUnitInverse(context->units, value->unit);
 995              	 .loc 1 500 0
 996 0094 FB68     	 ldr r3,[r7,#12]
 997 0096 DA6D     	 ldr r2,[r3,#92]
 998 0098 7B68     	 ldr r3,[r7,#4]
 999 009a 1B7C     	 ldrb r3,[r3,#16]
 1000 009c 1046     	 mov r0,r2
 1001 009e 1946     	 mov r1,r3
 1002 00a0 FFF7FEFF 	 bl translateUnitInverse
 1003 00a4 B861     	 str r0,[r7,#24]
 501:../Libraries/libscpi/src/units.c **** 
 502:../Libraries/libscpi/src/units.c ****         if (unit) {
 1004              	 .loc 1 502 0
 1005 00a6 BB69     	 ldr r3,[r7,#24]
 1006 00a8 002B     	 cmp r3,#0
 1007 00aa 19D0     	 beq .L55
 503:../Libraries/libscpi/src/units.c ****             strncat(str, " ", len - result);
 1008              	 .loc 1 503 0
 1009 00ac BA6A     	 ldr r2,[r7,#40]
 1010 00ae FB69     	 ldr r3,[r7,#28]
 1011 00b0 D31A     	 subs r3,r2,r3
 1012 00b2 3868     	 ldr r0,[r7]
 1013 00b4 0D49     	 ldr r1,.L58
 1014 00b6 1A46     	 mov r2,r3
 1015 00b8 FFF7FEFF 	 bl strncat
 504:../Libraries/libscpi/src/units.c ****             if (result + 2 < len) {
 1016              	 .loc 1 504 0
 1017 00bc FB69     	 ldr r3,[r7,#28]
 1018 00be 9A1C     	 adds r2,r3,#2
 1019 00c0 BB6A     	 ldr r3,[r7,#40]
 1020 00c2 9A42     	 cmp r2,r3
 1021 00c4 08D2     	 bcs .L56
 505:../Libraries/libscpi/src/units.c ****                 strncat(str, unit, len - result - 1);
 1022              	 .loc 1 505 0
 1023 00c6 BA6A     	 ldr r2,[r7,#40]
 1024 00c8 FB69     	 ldr r3,[r7,#28]
 1025 00ca D31A     	 subs r3,r2,r3
 1026 00cc 013B     	 subs r3,r3,#1
 1027 00ce 3868     	 ldr r0,[r7]
 1028 00d0 B969     	 ldr r1,[r7,#24]
 1029 00d2 1A46     	 mov r2,r3
 1030 00d4 FFF7FEFF 	 bl strncat
 1031              	.L56:
 506:../Libraries/libscpi/src/units.c ****             }
 507:../Libraries/libscpi/src/units.c ****             result = strlen(str);
 1032              	 .loc 1 507 0
 1033 00d8 3868     	 ldr r0,[r7]
 1034 00da FFF7FEFF 	 bl strlen
 1035 00de F861     	 str r0,[r7,#28]
 1036              	.L55:
 508:../Libraries/libscpi/src/units.c ****         }
 509:../Libraries/libscpi/src/units.c ****     }
 510:../Libraries/libscpi/src/units.c **** 
 511:../Libraries/libscpi/src/units.c ****     return result;
 1037              	 .loc 1 511 0
 1038 00e0 FB69     	 ldr r3,[r7,#28]
 1039              	.L57:
 512:../Libraries/libscpi/src/units.c **** }
 1040              	 .loc 1 512 0 discriminator 1
 1041 00e2 1846     	 mov r0,r3
 1042 00e4 2037     	 adds r7,r7,#32
 1043              	.LCFI23:
 1044              	 .cfi_def_cfa_offset 8
 1045 00e6 BD46     	 mov sp,r7
 1046              	.LCFI24:
 1047              	 .cfi_def_cfa_register 13
 1048              	 
 1049 00e8 80BD     	 pop {r7,pc}
 1050              	.L59:
 1051 00ea 00BF     	 .align 2
 1052              	.L58:
 1053 00ec B8000000 	 .word .LC35
 1054              	 .cfi_endproc
 1055              	.LFE4:
 1057              	 .text
 1058              	.Letext0:
 1059              	 .file 2 "c:\\infineon\\tools\\dave ide\\4.5.0.202105191637\\eclipse\\arm-gcc-49\\lib\\gcc\\arm-none-eabi\\4.9.3\\include\\stddef.h"
 1060              	 .file 3 "c:\\infineon\\tools\\dave ide\\4.5.0.202105191637\\eclipse\\arm-gcc-49\\arm-none-eabi\\include\\machine\\_default_types.h"
 1061              	 .file 4 "c:\\infineon\\tools\\dave ide\\4.5.0.202105191637\\eclipse\\arm-gcc-49\\arm-none-eabi\\include\\stdint.h"
 1062              	 .file 5 "C:/Infineon/Tools/DAVE IDE/4.5.0.202105191637/eclipse/workspace/ScpiRelax/Libraries/libscpi/inc/scpi/types.h"
 1063              	 .file 6 "C:/Infineon/Tools/DAVE IDE/4.5.0.202105191637/eclipse/workspace/ScpiRelax/Libraries/libscpi/inc/scpi/error.h"
DEFINED SYMBOLS
                            *ABS*:00000000 units.c
    {standard input}:103    .rodata.scpi_units_def:00000000 scpi_units_def
    {standard input}:21     .rodata:00000000 $d
    {standard input}:100    .rodata.scpi_units_def:00000000 $d
    {standard input}:272    .rodata.scpi_special_numbers_def:00000000 scpi_special_numbers_def
    {standard input}:269    .rodata.scpi_special_numbers_def:00000000 $d
    {standard input}:294    .text.translateUnit:00000000 $t
    {standard input}:298    .text.translateUnit:00000000 translateUnit
    {standard input}:392    .text.translateUnitInverse:00000000 $t
    {standard input}:396    .text.translateUnitInverse:00000000 translateUnitInverse
    {standard input}:489    .text.translateUnitInverse:00000078 $d
    {standard input}:495    .text.transformNumber:00000000 $t
    {standard input}:499    .text.transformNumber:00000000 transformNumber
    {standard input}:594    .text.SCPI_ParamNumber:00000000 $t
    {standard input}:599    .text.SCPI_ParamNumber:00000000 SCPI_ParamNumber
    {standard input}:691    .text.SCPI_ParamNumber:00000084 $d
    {standard input}:697    .text.SCPI_ParamNumber:0000009c $t
    {standard input}:739    .text.SCPI_ParamNumber:000000d0 $d
    {standard input}:745    .text.SCPI_ParamNumber:000000e8 $t
    {standard input}:881    .text.SCPI_ParamNumber:000001e8 $d
    {standard input}:890    .text.SCPI_NumberToStr:00000000 $t
    {standard input}:895    .text.SCPI_NumberToStr:00000000 SCPI_NumberToStr
    {standard input}:1053   .text.SCPI_NumberToStr:000000ec $d
                     .debug_frame:00000010 $d

UNDEFINED SYMBOLS
strlen
compareStr
__aeabi_dcmpeq
__aeabi_dmul
skipWhitespace
SCPI_ErrorPush
SCPI_Parameter
SCPI_ParamToDouble
scpiLex_DecimalNumericProgramData
scpiLex_WhiteSpace
scpiLex_SuffixProgramData
scpiLex_CharacterProgramData
SCPI_ParamToChoice
SCPI_ChoiceToName
strncpy
BSD_strnlen
SCPI_DoubleToStr
strncat
