   1              	 .syntax unified
   2              	 .cpu cortex-m4
   3              	 .eabi_attribute 27,3
   4              	 .fpu fpv4-sp-d16
   5              	 .eabi_attribute 20,1
   6              	 .eabi_attribute 21,1
   7              	 .eabi_attribute 23,3
   8              	 .eabi_attribute 24,1
   9              	 .eabi_attribute 25,1
  10              	 .eabi_attribute 26,1
  11              	 .eabi_attribute 30,6
  12              	 .eabi_attribute 34,1
  13              	 .eabi_attribute 18,4
  14              	 .thumb
  15              	 .file "memcpy.c"
  16              	 .text
  17              	.Ltext0:
  18              	 .cfi_sections .debug_frame
  19              	 .section .text.memcpy,"ax",%progbits
  20              	 .align 2
  21              	 .global memcpy
  22              	 .thumb
  23              	 .thumb_func
  25              	memcpy:
  26              	.LFB0:
  27              	 .file 1 "../Dave/Generated/ETH_LWIP/lwip/port/memcpy.c"
   1:../Dave/Generated/ETH_LWIP/lwip/port/memcpy.c **** /* Copyright (C) 2013 - Adam Green (https://github.com/adamgreen)
   2:../Dave/Generated/ETH_LWIP/lwip/port/memcpy.c **** 
   3:../Dave/Generated/ETH_LWIP/lwip/port/memcpy.c ****    Licensed under the Apache License, Version 2.0 (the "License");
   4:../Dave/Generated/ETH_LWIP/lwip/port/memcpy.c ****    you may not use this file except in compliance with the License.
   5:../Dave/Generated/ETH_LWIP/lwip/port/memcpy.c ****    You may obtain a copy of the License at
   6:../Dave/Generated/ETH_LWIP/lwip/port/memcpy.c **** 
   7:../Dave/Generated/ETH_LWIP/lwip/port/memcpy.c ****        http://www.apache.org/licenses/LICENSE-2.0
   8:../Dave/Generated/ETH_LWIP/lwip/port/memcpy.c **** 
   9:../Dave/Generated/ETH_LWIP/lwip/port/memcpy.c ****    Unless required by applicable law or agreed to in writing, software
  10:../Dave/Generated/ETH_LWIP/lwip/port/memcpy.c ****    distributed under the License is distributed on an "AS IS" BASIS,
  11:../Dave/Generated/ETH_LWIP/lwip/port/memcpy.c ****    WITHOUT WARRANTIES OR CONDITIONS OF ANY KIND, either express or implied.
  12:../Dave/Generated/ETH_LWIP/lwip/port/memcpy.c ****    See the License for the specific language governing permissions and
  13:../Dave/Generated/ETH_LWIP/lwip/port/memcpy.c ****    limitations under the License.
  14:../Dave/Generated/ETH_LWIP/lwip/port/memcpy.c **** */
  15:../Dave/Generated/ETH_LWIP/lwip/port/memcpy.c **** 
  16:../Dave/Generated/ETH_LWIP/lwip/port/memcpy.c **** #include <stdio.h>
  17:../Dave/Generated/ETH_LWIP/lwip/port/memcpy.c **** 
  18:../Dave/Generated/ETH_LWIP/lwip/port/memcpy.c **** #if defined(__GNUC__)
  19:../Dave/Generated/ETH_LWIP/lwip/port/memcpy.c **** /* This is a hand written Thumb-2 assembly language version of the
  20:../Dave/Generated/ETH_LWIP/lwip/port/memcpy.c ****    standard C memcpy() function that can be used by the lwIP networking
  21:../Dave/Generated/ETH_LWIP/lwip/port/memcpy.c ****    stack to improve its performance.  It copies 4 bytes at a time and
  22:../Dave/Generated/ETH_LWIP/lwip/port/memcpy.c ****    unrolls the loop to perform 4 of these copies per loop iteration.
  23:../Dave/Generated/ETH_LWIP/lwip/port/memcpy.c **** */
  24:../Dave/Generated/ETH_LWIP/lwip/port/memcpy.c **** __attribute__((naked)) void *memcpy(void* pDest, const void* pSource, size_t length)
  25:../Dave/Generated/ETH_LWIP/lwip/port/memcpy.c **** {
  28              	 .loc 1 25 0
  29              	 .cfi_startproc
  30              	 
  31              	 
  32              	 
  26:../Dave/Generated/ETH_LWIP/lwip/port/memcpy.c ****     __asm (
  33              	 .loc 1 26 0
  34              	
  35              	 .syntax unified
  36              	.thumb
  37 0000 1309     	 lsrs r3,r2,#4
  38 0002 11D0     	 beq.n 2$
  39 0004 51F804CB 	1$:ldr r12,[r1],#4
  40 0008 40F804CB 	 str r12,[r0],#4
  41 000c 51F804CB 	 ldr r12,[r1],#4
  42 0010 40F804CB 	 str r12,[r0],#4
  43 0014 51F804CB 	 ldr r12,[r1],#4
  44 0018 40F804CB 	 str r12,[r0],#4
  45 001c 51F804CB 	 ldr r12,[r1],#4
  46 0020 40F804CB 	 str r12,[r0],#4
  47 0024 013B     	 subs r3,#1
  48 0026 EDD1     	 bne 1$
  49              	2$:
  50 0028 12F00F03 	 ands r3,r2,#0xf
  51 002c 05D0     	 beq.n 4$
  52 002e 11F801CB 	3$:ldrb r12,[r1],#1
  53 0032 00F801CB 	 strb r12,[r0],#1
  54 0036 013B     	 subs r3,#1
  55 0038 F9D1     	 bne 3$
  56 003a 7047     	4$:bx lr
  57              	
  58              	
  27:../Dave/Generated/ETH_LWIP/lwip/port/memcpy.c ****         ".syntax unified\n"
  28:../Dave/Generated/ETH_LWIP/lwip/port/memcpy.c ****         ".thumb\n"
  29:../Dave/Generated/ETH_LWIP/lwip/port/memcpy.c **** 
  30:../Dave/Generated/ETH_LWIP/lwip/port/memcpy.c ****         // Copy 16 bytes at a time first.
  31:../Dave/Generated/ETH_LWIP/lwip/port/memcpy.c ****         "    lsrs    r3, r2, #4\n"
  32:../Dave/Generated/ETH_LWIP/lwip/port/memcpy.c ****         "    beq.n   2$\n"
  33:../Dave/Generated/ETH_LWIP/lwip/port/memcpy.c ****         "1$: ldr     r12, [r1], #4\n"
  34:../Dave/Generated/ETH_LWIP/lwip/port/memcpy.c ****         "    str     r12, [r0], #4\n"
  35:../Dave/Generated/ETH_LWIP/lwip/port/memcpy.c ****         "    ldr     r12, [r1], #4\n"
  36:../Dave/Generated/ETH_LWIP/lwip/port/memcpy.c ****         "    str     r12, [r0], #4\n"
  37:../Dave/Generated/ETH_LWIP/lwip/port/memcpy.c ****         "    ldr     r12, [r1], #4\n"
  38:../Dave/Generated/ETH_LWIP/lwip/port/memcpy.c ****         "    str     r12, [r0], #4\n"
  39:../Dave/Generated/ETH_LWIP/lwip/port/memcpy.c ****         "    ldr     r12, [r1], #4\n"
  40:../Dave/Generated/ETH_LWIP/lwip/port/memcpy.c ****         "    str     r12, [r0], #4\n"
  41:../Dave/Generated/ETH_LWIP/lwip/port/memcpy.c ****         "    subs    r3, #1\n"
  42:../Dave/Generated/ETH_LWIP/lwip/port/memcpy.c ****         "    bne     1$\n"
  43:../Dave/Generated/ETH_LWIP/lwip/port/memcpy.c **** 
  44:../Dave/Generated/ETH_LWIP/lwip/port/memcpy.c ****         // Copy byte by byte for what is left.
  45:../Dave/Generated/ETH_LWIP/lwip/port/memcpy.c ****         "2$:\n"
  46:../Dave/Generated/ETH_LWIP/lwip/port/memcpy.c ****         "    ands    r3, r2, #0xf\n"
  47:../Dave/Generated/ETH_LWIP/lwip/port/memcpy.c ****         "    beq.n   4$\n"
  48:../Dave/Generated/ETH_LWIP/lwip/port/memcpy.c ****         "3$: ldrb    r12, [r1], #1\n"
  49:../Dave/Generated/ETH_LWIP/lwip/port/memcpy.c ****         "    strb    r12, [r0], #1\n"
  50:../Dave/Generated/ETH_LWIP/lwip/port/memcpy.c ****         "    subs    r3, #1\n"
  51:../Dave/Generated/ETH_LWIP/lwip/port/memcpy.c ****         "    bne     3$\n"
  52:../Dave/Generated/ETH_LWIP/lwip/port/memcpy.c **** 
  53:../Dave/Generated/ETH_LWIP/lwip/port/memcpy.c ****         // Return to caller.
  54:../Dave/Generated/ETH_LWIP/lwip/port/memcpy.c ****         "4$: bx      lr\n"
  55:../Dave/Generated/ETH_LWIP/lwip/port/memcpy.c ****     );
  56:../Dave/Generated/ETH_LWIP/lwip/port/memcpy.c **** }
  59              	 .loc 1 56 0
  60              	 .thumb
  61 003c 1846     	 mov r0,r3
  62              	 .cfi_endproc
  63              	.LFE0:
  65 003e 00BF     	 .text
  66              	.Letext0:
  67              	 .file 2 "c:\\infineon\\tools\\dave ide\\4.5.0.202105191637\\eclipse\\arm-gcc-49\\lib\\gcc\\arm-none-eabi\\4.9.3\\include\\stddef.h"
DEFINED SYMBOLS
                            *ABS*:00000000 memcpy.c
    {standard input}:20     .text.memcpy:00000000 $t
    {standard input}:25     .text.memcpy:00000000 memcpy
                     .debug_frame:00000010 $d

NO UNDEFINED SYMBOLS
